[ 2018-06-03T10:37:43+08:00 ] ::1 /gradem/home/index/land
INFO: [ app_init ] --START--
INFO: Run Behavior\BuildLiteBehavior [ RunTime:0.000030s ]
INFO: [ app_init ] --END-- [ RunTime:0.083352s ]
INFO: [ app_begin ] --START--
INFO: Run Behavior\ReadHtmlCacheBehavior [ RunTime:0.027372s ]
INFO: [ app_begin ] --END-- [ RunTime:0.027524s ]
INFO: [ view_parse ] --START--
INFO: [ template_filter ] --START--
INFO: Run Behavior\ContentReplaceBehavior [ RunTime:0.016709s ]
INFO: [ template_filter ] --END-- [ RunTime:0.016977s ]
INFO: Run Behavior\ParseTemplateBehavior [ RunTime:0.230117s ]
INFO: [ view_parse ] --END-- [ RunTime:0.230304s ]
INFO: [ view_filter ] --START--
INFO: Run Behavior\WriteHtmlCacheBehavior [ RunTime:0.041659s ]
INFO: [ view_filter ] --END-- [ RunTime:0.041784s ]
INFO: [ app_end ] --START--
INFO: Run Behavior\ShowPageTraceBehavior [ RunTime:0.017475s ]
INFO: [ app_end ] --END-- [ RunTime:0.017616s ]

[ 2018-06-03T10:37:47+08:00 ] ::1 /gradem/home/index/land
INFO: [ app_init ] --START--
INFO: Run Behavior\BuildLiteBehavior [ RunTime:0.000027s ]
INFO: [ app_init ] --END-- [ RunTime:0.000559s ]
INFO: [ app_begin ] --START--
INFO: Run Behavior\ReadHtmlCacheBehavior [ RunTime:0.000644s ]
INFO: [ app_begin ] --END-- [ RunTime:0.000763s ]
INFO: [ view_parse ] --START--
INFO: [ template_filter ] --START--
INFO: Run Behavior\ContentReplaceBehavior [ RunTime:0.000102s ]
INFO: [ template_filter ] --END-- [ RunTime:0.000247s ]
INFO: Run Behavior\ParseTemplateBehavior [ RunTime:0.006381s ]
INFO: [ view_parse ] --END-- [ RunTime:0.006503s ]
INFO: [ view_filter ] --START--
INFO: Run Behavior\WriteHtmlCacheBehavior [ RunTime:0.000442s ]
INFO: [ view_filter ] --END-- [ RunTime:0.000549s ]
INFO: [ app_end ] --START--
INFO: Run Behavior\ShowPageTraceBehavior [ RunTime:0.000666s ]
INFO: [ app_end ] --END-- [ RunTime:0.000777s ]

[ 2018-06-03T10:37:48+08:00 ] ::1 /gradem/home/index/land
INFO: [ app_init ] --START--
INFO: Run Behavior\BuildLiteBehavior [ RunTime:0.000035s ]
INFO: [ app_init ] --END-- [ RunTime:0.000598s ]
INFO: [ app_begin ] --START--
INFO: Run Behavior\ReadHtmlCacheBehavior [ RunTime:0.000659s ]
INFO: [ app_begin ] --END-- [ RunTime:0.000783s ]
INFO: [ view_parse ] --START--
INFO: [ template_filter ] --START--
INFO: Run Behavior\ContentReplaceBehavior [ RunTime:0.000058s ]
INFO: [ template_filter ] --END-- [ RunTime:0.000159s ]
INFO: Run Behavior\ParseTemplateBehavior [ RunTime:0.005093s ]
INFO: [ view_parse ] --END-- [ RunTime:0.005202s ]
INFO: [ view_filter ] --START--
INFO: Run Behavior\WriteHtmlCacheBehavior [ RunTime:0.000408s ]
INFO: [ view_filter ] --END-- [ RunTime:0.000515s ]
INFO: [ app_end ] --START--
INFO: Run Behavior\ShowPageTraceBehavior [ RunTime:0.000688s ]
INFO: [ app_end ] --END-- [ RunTime:0.000816s ]

[ 2018-06-03T10:37:48+08:00 ] ::1 /gradem/home/index/land
INFO: [ app_init ] --START--
INFO: Run Behavior\BuildLiteBehavior [ RunTime:0.000029s ]
INFO: [ app_init ] --END-- [ RunTime:0.000699s ]
INFO: [ app_begin ] --START--
INFO: Run Behavior\ReadHtmlCacheBehavior [ RunTime:0.000677s ]
INFO: [ app_begin ] --END-- [ RunTime:0.000799s ]
INFO: [ view_parse ] --START--
INFO: [ template_filter ] --START--
INFO: Run Behavior\ContentReplaceBehavior [ RunTime:0.000068s ]
INFO: [ template_filter ] --END-- [ RunTime:0.000187s ]
INFO: Run Behavior\ParseTemplateBehavior [ RunTime:0.005666s ]
INFO: [ view_parse ] --END-- [ RunTime:0.005822s ]
INFO: [ view_filter ] --START--
INFO: Run Behavior\WriteHtmlCacheBehavior [ RunTime:0.000468s ]
INFO: [ view_filter ] --END-- [ RunTime:0.000574s ]
INFO: [ app_end ] --START--
INFO: Run Behavior\ShowPageTraceBehavior [ RunTime:0.000676s ]
INFO: [ app_end ] --END-- [ RunTime:0.000785s ]

[ 2018-06-03T10:37:49+08:00 ] ::1 /gradem/home/index/land
INFO: [ app_init ] --START--
INFO: Run Behavior\BuildLiteBehavior [ RunTime:0.000029s ]
INFO: [ app_init ] --END-- [ RunTime:0.000599s ]
INFO: [ app_begin ] --START--
INFO: Run Behavior\ReadHtmlCacheBehavior [ RunTime:0.000643s ]
INFO: [ app_begin ] --END-- [ RunTime:0.000762s ]
INFO: [ view_parse ] --START--
INFO: [ template_filter ] --START--
INFO: Run Behavior\ContentReplaceBehavior [ RunTime:0.000068s ]
INFO: [ template_filter ] --END-- [ RunTime:0.000187s ]
INFO: Run Behavior\ParseTemplateBehavior [ RunTime:0.005692s ]
INFO: [ view_parse ] --END-- [ RunTime:0.005889s ]
INFO: [ view_filter ] --START--
INFO: Run Behavior\WriteHtmlCacheBehavior [ RunTime:0.000597s ]
INFO: [ view_filter ] --END-- [ RunTime:0.000747s ]
INFO: [ app_end ] --START--
INFO: Run Behavior\ShowPageTraceBehavior [ RunTime:0.000639s ]
INFO: [ app_end ] --END-- [ RunTime:0.000750s ]

[ 2018-06-03T10:37:49+08:00 ] ::1 /gradem/home/index/land
INFO: [ app_init ] --START--
INFO: Run Behavior\BuildLiteBehavior [ RunTime:0.000027s ]
INFO: [ app_init ] --END-- [ RunTime:0.000559s ]
INFO: [ app_begin ] --START--
INFO: Run Behavior\ReadHtmlCacheBehavior [ RunTime:0.000649s ]
INFO: [ app_begin ] --END-- [ RunTime:0.000773s ]
INFO: [ view_parse ] --START--
INFO: [ template_filter ] --START--
INFO: Run Behavior\ContentReplaceBehavior [ RunTime:0.000066s ]
INFO: [ template_filter ] --END-- [ RunTime:0.000183s ]
INFO: Run Behavior\ParseTemplateBehavior [ RunTime:0.005406s ]
INFO: [ view_parse ] --END-- [ RunTime:0.005524s ]
INFO: [ view_filter ] --START--
INFO: Run Behavior\WriteHtmlCacheBehavior [ RunTime:0.000418s ]
INFO: [ view_filter ] --END-- [ RunTime:0.000522s ]
INFO: [ app_end ] --START--
INFO: Run Behavior\ShowPageTraceBehavior [ RunTime:0.000633s ]
INFO: [ app_end ] --END-- [ RunTime:0.000740s ]

[ 2018-06-03T10:37:49+08:00 ] ::1 /gradem/home/index/land
INFO: [ app_init ] --START--
INFO: Run Behavior\BuildLiteBehavior [ RunTime:0.000026s ]
INFO: [ app_init ] --END-- [ RunTime:0.000560s ]
INFO: [ app_begin ] --START--
INFO: Run Behavior\ReadHtmlCacheBehavior [ RunTime:0.000577s ]
INFO: [ app_begin ] --END-- [ RunTime:0.000718s ]
INFO: [ view_parse ] --START--
INFO: [ template_filter ] --START--
INFO: Run Behavior\ContentReplaceBehavior [ RunTime:0.000066s ]
INFO: [ template_filter ] --END-- [ RunTime:0.000184s ]
INFO: Run Behavior\ParseTemplateBehavior [ RunTime:0.005567s ]
INFO: [ view_parse ] --END-- [ RunTime:0.005691s ]
INFO: [ view_filter ] --START--
INFO: Run Behavior\WriteHtmlCacheBehavior [ RunTime:0.000431s ]
INFO: [ view_filter ] --END-- [ RunTime:0.000536s ]
INFO: [ app_end ] --START--
INFO: Run Behavior\ShowPageTraceBehavior [ RunTime:0.000632s ]
INFO: [ app_end ] --END-- [ RunTime:0.000741s ]

[ 2018-06-03T10:37:49+08:00 ] ::1 /gradem/home/index/land
INFO: [ app_init ] --START--
INFO: Run Behavior\BuildLiteBehavior [ RunTime:0.000026s ]
INFO: [ app_init ] --END-- [ RunTime:0.000542s ]
INFO: [ app_begin ] --START--
INFO: Run Behavior\ReadHtmlCacheBehavior [ RunTime:0.000637s ]
INFO: [ app_begin ] --END-- [ RunTime:0.000754s ]
INFO: [ view_parse ] --START--
INFO: [ template_filter ] --START--
INFO: Run Behavior\ContentReplaceBehavior [ RunTime:0.000069s ]
INFO: [ template_filter ] --END-- [ RunTime:0.000201s ]
INFO: Run Behavior\ParseTemplateBehavior [ RunTime:0.005687s ]
INFO: [ view_parse ] --END-- [ RunTime:0.005808s ]
INFO: [ view_filter ] --START--
INFO: Run Behavior\WriteHtmlCacheBehavior [ RunTime:0.000488s ]
INFO: [ view_filter ] --END-- [ RunTime:0.000604s ]
INFO: [ app_end ] --START--
INFO: Run Behavior\ShowPageTraceBehavior [ RunTime:0.000817s ]
INFO: [ app_end ] --END-- [ RunTime:0.000972s ]

[ 2018-06-03T10:37:49+08:00 ] ::1 /gradem/home/index/land
INFO: [ app_init ] --START--
INFO: Run Behavior\BuildLiteBehavior [ RunTime:0.000028s ]
INFO: [ app_init ] --END-- [ RunTime:0.000571s ]
INFO: [ app_begin ] --START--
INFO: Run Behavior\ReadHtmlCacheBehavior [ RunTime:0.000654s ]
INFO: [ app_begin ] --END-- [ RunTime:0.000779s ]
INFO: [ view_parse ] --START--
INFO: [ template_filter ] --START--
INFO: Run Behavior\ContentReplaceBehavior [ RunTime:0.000114s ]
INFO: [ template_filter ] --END-- [ RunTime:0.000276s ]
INFO: Run Behavior\ParseTemplateBehavior [ RunTime:0.005710s ]
INFO: [ view_parse ] --END-- [ RunTime:0.005829s ]
INFO: [ view_filter ] --START--
INFO: Run Behavior\WriteHtmlCacheBehavior [ RunTime:0.000518s ]
INFO: [ view_filter ] --END-- [ RunTime:0.000625s ]
INFO: [ app_end ] --START--
INFO: Run Behavior\ShowPageTraceBehavior [ RunTime:0.000646s ]
INFO: [ app_end ] --END-- [ RunTime:0.000747s ]

[ 2018-06-03T10:37:49+08:00 ] ::1 /gradem/home/index/land
INFO: [ app_init ] --START--
INFO: Run Behavior\BuildLiteBehavior [ RunTime:0.000026s ]
INFO: [ app_init ] --END-- [ RunTime:0.000551s ]
INFO: [ app_begin ] --START--
INFO: Run Behavior\ReadHtmlCacheBehavior [ RunTime:0.000607s ]
INFO: [ app_begin ] --END-- [ RunTime:0.000724s ]
INFO: [ view_parse ] --START--
INFO: [ template_filter ] --START--
INFO: Run Behavior\ContentReplaceBehavior [ RunTime:0.000266s ]
INFO: [ template_filter ] --END-- [ RunTime:0.000458s ]
INFO: Run Behavior\ParseTemplateBehavior [ RunTime:0.006745s ]
INFO: [ view_parse ] --END-- [ RunTime:0.006877s ]
INFO: [ view_filter ] --START--
INFO: Run Behavior\WriteHtmlCacheBehavior [ RunTime:0.000474s ]
INFO: [ view_filter ] --END-- [ RunTime:0.000578s ]
INFO: [ app_end ] --START--
INFO: Run Behavior\ShowPageTraceBehavior [ RunTime:0.000687s ]
INFO: [ app_end ] --END-- [ RunTime:0.000806s ]

[ 2018-06-03T10:38:04+08:00 ] ::1 /gradem/home/index/land
INFO: [ app_init ] --START--
INFO: Run Behavior\BuildLiteBehavior [ RunTime:0.000025s ]
INFO: [ app_init ] --END-- [ RunTime:0.000466s ]
INFO: [ app_begin ] --START--
INFO: Run Behavior\ReadHtmlCacheBehavior [ RunTime:0.000562s ]
INFO: [ app_begin ] --END-- [ RunTime:0.000684s ]
INFO: [ view_parse ] --START--
INFO: [ template_filter ] --START--
INFO: Run Behavior\ContentReplaceBehavior [ RunTime:0.000063s ]
INFO: [ template_filter ] --END-- [ RunTime:0.000179s ]
INFO: Run Behavior\ParseTemplateBehavior [ RunTime:0.070144s ]
INFO: [ view_parse ] --END-- [ RunTime:0.070322s ]
INFO: [ view_filter ] --START--
INFO: Run Behavior\WriteHtmlCacheBehavior [ RunTime:0.000565s ]
INFO: [ view_filter ] --END-- [ RunTime:0.000737s ]

[ 2018-06-03T10:52:35+08:00 ] ::1 /gradem/
INFO: [ app_init ] --START--
INFO: Run Behavior\BuildLiteBehavior [ RunTime:0.000038s ]
INFO: [ app_init ] --END-- [ RunTime:0.000486s ]
INFO: [ app_begin ] --START--
INFO: Run Behavior\ReadHtmlCacheBehavior [ RunTime:0.000575s ]
INFO: [ app_begin ] --END-- [ RunTime:0.000685s ]
INFO: [ app_end ] --START--
INFO: Run Behavior\ShowPageTraceBehavior [ RunTime:0.000726s ]
INFO: [ app_end ] --END-- [ RunTime:0.000859s ]

[ 2018-06-03T10:53:01+08:00 ] ::1 /gradem/home/index/land
INFO: [ app_init ] --START--
INFO: Run Behavior\BuildLiteBehavior [ RunTime:0.000021s ]
INFO: [ app_init ] --END-- [ RunTime:0.000471s ]
INFO: [ app_begin ] --START--
INFO: Run Behavior\ReadHtmlCacheBehavior [ RunTime:0.000566s ]
INFO: [ app_begin ] --END-- [ RunTime:0.000682s ]
INFO: [ view_parse ] --START--
INFO: [ template_filter ] --START--
INFO: Run Behavior\ContentReplaceBehavior [ RunTime:0.000069s ]
INFO: [ template_filter ] --END-- [ RunTime:0.000192s ]
INFO: Run Behavior\ParseTemplateBehavior [ RunTime:0.041560s ]
INFO: [ view_parse ] --END-- [ RunTime:0.041662s ]
INFO: [ view_filter ] --START--
INFO: Run Behavior\WriteHtmlCacheBehavior [ RunTime:0.000397s ]
INFO: [ view_filter ] --END-- [ RunTime:0.000481s ]
INFO: [ app_end ] --START--
INFO: Run Behavior\ShowPageTraceBehavior [ RunTime:0.000540s ]
INFO: [ app_end ] --END-- [ RunTime:0.000630s ]

[ 2018-06-03T10:53:10+08:00 ] ::1 /gradem/home/index/land
INFO: [ app_init ] --START--
INFO: Run Behavior\BuildLiteBehavior [ RunTime:0.000022s ]
INFO: [ app_init ] --END-- [ RunTime:0.000399s ]
INFO: [ app_begin ] --START--
INFO: Run Behavior\ReadHtmlCacheBehavior [ RunTime:0.000526s ]
INFO: [ app_begin ] --END-- [ RunTime:0.000642s ]
SQL: SHOW COLUMNS FROM `tea` [ RunTime:0.0039s ]
SQL: SELECT `tpass` FROM `tea` WHERE ( tname = 'tea' ) LIMIT 1   [ RunTime:0.0003s ]
INFO: [ view_parse ] --START--
INFO: [ template_filter ] --START--
INFO: Run Behavior\ContentReplaceBehavior [ RunTime:0.000066s ]
INFO: [ template_filter ] --END-- [ RunTime:0.000244s ]
INFO: Run Behavior\ParseTemplateBehavior [ RunTime:0.006876s ]
INFO: [ view_parse ] --END-- [ RunTime:0.007071s ]
INFO: [ view_filter ] --START--
INFO: Run Behavior\WriteHtmlCacheBehavior [ RunTime:0.000565s ]
INFO: [ view_filter ] --END-- [ RunTime:0.000687s ]
INFO: [ app_end ] --START--
INFO: Run Behavior\ShowPageTraceBehavior [ RunTime:0.000786s ]
INFO: [ app_end ] --END-- [ RunTime:0.000888s ]

[ 2018-06-03T10:53:11+08:00 ] ::1 /gradem/home/teacher/index
INFO: [ app_init ] --START--
INFO: Run Behavior\BuildLiteBehavior [ RunTime:0.000043s ]
INFO: [ app_init ] --END-- [ RunTime:0.000680s ]
INFO: [ app_begin ] --START--
INFO: Run Behavior\ReadHtmlCacheBehavior [ RunTime:0.000807s ]
INFO: [ app_begin ] --END-- [ RunTime:0.000953s ]
SQL: show tables [ RunTime:0.0090s ]
SQL: SHOW COLUMNS FROM grade201711 [ RunTime:0.0566s ]
SQL: SELECT *FROM grade201711 [ RunTime:0.0004s ]
SQL: SELECT *FROM stu [ RunTime:0.0002s ]
SQL: SELECT count(*) FROM stu [ RunTime:0.0002s ]
SQL: SHOW COLUMNS FROM grade201713 [ RunTime:0.0505s ]
SQL: SELECT *FROM grade201713 [ RunTime:0.0002s ]
SQL: SELECT *FROM stu [ RunTime:0.0002s ]
SQL: SELECT count(*) FROM stu [ RunTime:0.0002s ]
SQL: SHOW COLUMNS FROM grade201911 [ RunTime:0.0606s ]
SQL: SELECT *FROM grade201911 [ RunTime:0.0003s ]
SQL: SELECT *FROM stu [ RunTime:0.0002s ]
SQL: SELECT count(*) FROM stu [ RunTime:0.0002s ]
INFO: [ view_parse ] --START--
INFO: [ template_filter ] --START--
INFO: Run Behavior\ContentReplaceBehavior [ RunTime:0.000084s ]
INFO: [ template_filter ] --END-- [ RunTime:0.000220s ]
NOTIC: [8] Undefined index: y D:\wamp\www\gradem\Application\Runtime\Cache\Home\2f776ce711082c7ddb105e1aedca79e2.php 第 32 行.
NOTIC: [2] Invalid argument supplied for foreach() D:\wamp\www\gradem\Application\Runtime\Cache\Home\2f776ce711082c7ddb105e1aedca79e2.php 第 32 行.
NOTIC: [8] Undefined variable: sign3 D:\wamp\www\gradem\Application\Runtime\Cache\Home\2f776ce711082c7ddb105e1aedca79e2.php 第 33 行.
INFO: Run Behavior\ParseTemplateBehavior [ RunTime:0.058132s ]
INFO: [ view_parse ] --END-- [ RunTime:0.058302s ]
INFO: [ view_filter ] --START--
INFO: Run Behavior\WriteHtmlCacheBehavior [ RunTime:0.000622s ]
INFO: [ view_filter ] --END-- [ RunTime:0.000746s ]
INFO: [ app_end ] --START--
INFO: Run Behavior\ShowPageTraceBehavior [ RunTime:0.000849s ]
INFO: [ app_end ] --END-- [ RunTime:0.001039s ]

[ 2018-06-03T10:53:30+08:00 ] ::1 /gradem/home/teacher/index
INFO: [ app_init ] --START--
INFO: Run Behavior\BuildLiteBehavior [ RunTime:0.000028s ]
INFO: [ app_init ] --END-- [ RunTime:0.000495s ]
INFO: [ app_begin ] --START--
INFO: Run Behavior\ReadHtmlCacheBehavior [ RunTime:0.000850s ]
INFO: [ app_begin ] --END-- [ RunTime:0.001050s ]
SQL: show tables [ RunTime:0.0006s ]
SQL: SHOW COLUMNS FROM grade201711 [ RunTime:0.0041s ]
SQL: SELECT *FROM grade201711 [ RunTime:0.0004s ]
SQL: SELECT *FROM stu [ RunTime:0.0002s ]
SQL: SELECT count(*) FROM stu [ RunTime:0.0002s ]
SQL: SHOW COLUMNS FROM grade201713 [ RunTime:0.0043s ]
SQL: SELECT *FROM grade201713 [ RunTime:0.0003s ]
SQL: SELECT *FROM stu [ RunTime:0.0002s ]
SQL: SELECT count(*) FROM stu [ RunTime:0.0002s ]
SQL: SHOW COLUMNS FROM grade201911 [ RunTime:0.0041s ]
SQL: SELECT *FROM grade201911 [ RunTime:0.0003s ]
SQL: SELECT *FROM stu [ RunTime:0.0002s ]
SQL: SELECT count(*) FROM stu [ RunTime:0.0002s ]
INFO: [ view_parse ] --START--
INFO: [ template_filter ] --START--
INFO: Run Behavior\ContentReplaceBehavior [ RunTime:0.000063s ]
INFO: [ template_filter ] --END-- [ RunTime:0.000163s ]
NOTIC: [8] Undefined index: y D:\wamp\www\gradem\Application\Runtime\Cache\Home\2f776ce711082c7ddb105e1aedca79e2.php 第 32 行.
NOTIC: [2] Invalid argument supplied for foreach() D:\wamp\www\gradem\Application\Runtime\Cache\Home\2f776ce711082c7ddb105e1aedca79e2.php 第 32 行.
NOTIC: [8] Undefined variable: sign3 D:\wamp\www\gradem\Application\Runtime\Cache\Home\2f776ce711082c7ddb105e1aedca79e2.php 第 33 行.
INFO: Run Behavior\ParseTemplateBehavior [ RunTime:0.009962s ]
INFO: [ view_parse ] --END-- [ RunTime:0.010066s ]
INFO: [ view_filter ] --START--
INFO: Run Behavior\WriteHtmlCacheBehavior [ RunTime:0.000418s ]
INFO: [ view_filter ] --END-- [ RunTime:0.000513s ]
INFO: [ app_end ] --START--
INFO: Run Behavior\ShowPageTraceBehavior [ RunTime:0.000568s ]
INFO: [ app_end ] --END-- [ RunTime:0.000668s ]

[ 2018-06-03T10:53:49+08:00 ] ::1 /gradem/home/teacher/index
INFO: [ app_init ] --START--
INFO: Run Behavior\BuildLiteBehavior [ RunTime:0.000026s ]
INFO: [ app_init ] --END-- [ RunTime:0.000856s ]
INFO: [ app_begin ] --START--
INFO: Run Behavior\ReadHtmlCacheBehavior [ RunTime:0.000759s ]
INFO: [ app_begin ] --END-- [ RunTime:0.000922s ]
SQL: show tables [ RunTime:0.0010s ]
SQL: SHOW COLUMNS FROM grade201711 [ RunTime:0.0056s ]
SQL: SELECT *FROM grade201711 [ RunTime:0.0004s ]
SQL: SELECT *FROM stu [ RunTime:0.0003s ]
SQL: SELECT count(*) FROM stu [ RunTime:0.0003s ]
SQL: SHOW COLUMNS FROM grade201713 [ RunTime:0.0051s ]
SQL: SELECT *FROM grade201713 [ RunTime:0.0004s ]
SQL: SELECT *FROM stu [ RunTime:0.0003s ]
SQL: SELECT count(*) FROM stu [ RunTime:0.0002s ]
SQL: SHOW COLUMNS FROM grade201814 [ RunTime:0.0049s ]
SQL: SELECT *FROM grade201814 [ RunTime:0.0003s ]
SQL: SELECT *FROM stu [ RunTime:0.0002s ]
SQL: SELECT count(*) FROM stu [ RunTime:0.0002s ]
SQL: SHOW COLUMNS FROM grade201911 [ RunTime:0.0042s ]
SQL: SELECT *FROM grade201911 [ RunTime:0.0003s ]
SQL: SELECT *FROM stu [ RunTime:0.0002s ]
SQL: SELECT count(*) FROM stu [ RunTime:0.0002s ]
INFO: [ view_parse ] --START--
INFO: [ template_filter ] --START--
INFO: Run Behavior\ContentReplaceBehavior [ RunTime:0.000150s ]
INFO: [ template_filter ] --END-- [ RunTime:0.000335s ]
NOTIC: [8] Undefined index: y D:\wamp\www\gradem\Application\Runtime\Cache\Home\2f776ce711082c7ddb105e1aedca79e2.php 第 32 行.
NOTIC: [2] Invalid argument supplied for foreach() D:\wamp\www\gradem\Application\Runtime\Cache\Home\2f776ce711082c7ddb105e1aedca79e2.php 第 32 行.
NOTIC: [8] Undefined index: y D:\wamp\www\gradem\Application\Runtime\Cache\Home\2f776ce711082c7ddb105e1aedca79e2.php 第 32 行.
NOTIC: [2] Invalid argument supplied for foreach() D:\wamp\www\gradem\Application\Runtime\Cache\Home\2f776ce711082c7ddb105e1aedca79e2.php 第 32 行.
NOTIC: [8] Undefined variable: sign3 D:\wamp\www\gradem\Application\Runtime\Cache\Home\2f776ce711082c7ddb105e1aedca79e2.php 第 33 行.
INFO: Run Behavior\ParseTemplateBehavior [ RunTime:0.011273s ]
INFO: [ view_parse ] --END-- [ RunTime:0.011407s ]
INFO: [ view_filter ] --START--
INFO: Run Behavior\WriteHtmlCacheBehavior [ RunTime:0.000625s ]
INFO: [ view_filter ] --END-- [ RunTime:0.000773s ]
INFO: [ app_end ] --START--
INFO: Run Behavior\ShowPageTraceBehavior [ RunTime:0.000873s ]
INFO: [ app_end ] --END-- [ RunTime:0.001044s ]

[ 2018-06-03T10:54:18+08:00 ] ::1 /gradem/home/teacher/index
INFO: [ app_init ] --START--
INFO: Run Behavior\BuildLiteBehavior [ RunTime:0.000025s ]
INFO: [ app_init ] --END-- [ RunTime:0.000455s ]
INFO: [ app_begin ] --START--
INFO: Run Behavior\ReadHtmlCacheBehavior [ RunTime:0.000678s ]
INFO: [ app_begin ] --END-- [ RunTime:0.000792s ]
SQL: show tables [ RunTime:0.0009s ]
SQL: SHOW COLUMNS FROM grade201711 [ RunTime:0.0053s ]
SQL: SELECT *FROM grade201711 [ RunTime:0.0004s ]
SQL: SELECT *FROM stu [ RunTime:0.0004s ]
SQL: SELECT count(*) FROM stu [ RunTime:0.0003s ]
SQL: SHOW COLUMNS FROM grade201713 [ RunTime:0.0051s ]
SQL: SELECT *FROM grade201713 [ RunTime:0.0004s ]
SQL: SELECT *FROM stu [ RunTime:0.0004s ]
SQL: SELECT count(*) FROM stu [ RunTime:0.0003s ]
SQL: SHOW COLUMNS FROM grade201814 [ RunTime:0.0036s ]
SQL: SELECT *FROM grade201814 [ RunTime:0.0003s ]
SQL: SELECT *FROM stu [ RunTime:0.0002s ]
SQL: SELECT count(*) FROM stu [ RunTime:0.0001s ]
SQL: SHOW COLUMNS FROM grade201821 [ RunTime:0.0047s ]
SQL: SELECT *FROM grade201821 [ RunTime:0.0003s ]
SQL: SELECT *FROM stu [ RunTime:0.0002s ]
SQL: SELECT count(*) FROM stu [ RunTime:0.0004s ]
SQL: SHOW COLUMNS FROM grade201911 [ RunTime:0.0044s ]
SQL: SELECT *FROM grade201911 [ RunTime:0.0003s ]
SQL: SELECT *FROM stu [ RunTime:0.0002s ]
SQL: SELECT count(*) FROM stu [ RunTime:0.0002s ]
INFO: [ view_parse ] --START--
INFO: [ template_filter ] --START--
INFO: Run Behavior\ContentReplaceBehavior [ RunTime:0.000075s ]
INFO: [ template_filter ] --END-- [ RunTime:0.000198s ]
NOTIC: [8] Undefined index: y D:\wamp\www\gradem\Application\Runtime\Cache\Home\2f776ce711082c7ddb105e1aedca79e2.php 第 32 行.
NOTIC: [2] Invalid argument supplied for foreach() D:\wamp\www\gradem\Application\Runtime\Cache\Home\2f776ce711082c7ddb105e1aedca79e2.php 第 32 行.
NOTIC: [8] Undefined index: y D:\wamp\www\gradem\Application\Runtime\Cache\Home\2f776ce711082c7ddb105e1aedca79e2.php 第 32 行.
NOTIC: [2] Invalid argument supplied for foreach() D:\wamp\www\gradem\Application\Runtime\Cache\Home\2f776ce711082c7ddb105e1aedca79e2.php 第 32 行.
NOTIC: [8] Undefined index: y D:\wamp\www\gradem\Application\Runtime\Cache\Home\2f776ce711082c7ddb105e1aedca79e2.php 第 32 行.
NOTIC: [2] Invalid argument supplied for foreach() D:\wamp\www\gradem\Application\Runtime\Cache\Home\2f776ce711082c7ddb105e1aedca79e2.php 第 32 行.
NOTIC: [8] Undefined variable: sign3 D:\wamp\www\gradem\Application\Runtime\Cache\Home\2f776ce711082c7ddb105e1aedca79e2.php 第 33 行.
INFO: Run Behavior\ParseTemplateBehavior [ RunTime:0.009888s ]
INFO: [ view_parse ] --END-- [ RunTime:0.010103s ]
INFO: [ view_filter ] --START--
INFO: Run Behavior\WriteHtmlCacheBehavior [ RunTime:0.000795s ]
INFO: [ view_filter ] --END-- [ RunTime:0.000944s ]
INFO: [ app_end ] --START--
INFO: Run Behavior\ShowPageTraceBehavior [ RunTime:0.000806s ]
INFO: [ app_end ] --END-- [ RunTime:0.001019s ]

[ 2018-06-03T10:54:40+08:00 ] ::1 /gradem/home/teacher/index
INFO: [ app_init ] --START--
INFO: Run Behavior\BuildLiteBehavior [ RunTime:0.000026s ]
INFO: [ app_init ] --END-- [ RunTime:0.000520s ]
INFO: [ app_begin ] --START--
INFO: Run Behavior\ReadHtmlCacheBehavior [ RunTime:0.000622s ]
INFO: [ app_begin ] --END-- [ RunTime:0.000748s ]
SQL: show tables [ RunTime:0.0009s ]
SQL: SHOW COLUMNS FROM grade201611 [ RunTime:0.0073s ]
SQL: SELECT *FROM grade201611 [ RunTime:0.0006s ]
SQL: SELECT *FROM stu [ RunTime:0.0005s ]
SQL: SELECT count(*) FROM stu [ RunTime:0.0004s ]
SQL: SHOW COLUMNS FROM grade201711 [ RunTime:0.0082s ]
SQL: SELECT *FROM grade201711 [ RunTime:0.0003s ]
SQL: SELECT *FROM stu [ RunTime:0.0002s ]
SQL: SELECT count(*) FROM stu [ RunTime:0.0002s ]
SQL: SHOW COLUMNS FROM grade201713 [ RunTime:0.0046s ]
SQL: SELECT *FROM grade201713 [ RunTime:0.0002s ]
SQL: SELECT *FROM stu [ RunTime:0.0002s ]
SQL: SELECT count(*) FROM stu [ RunTime:0.0002s ]
SQL: SHOW COLUMNS FROM grade201814 [ RunTime:0.0035s ]
SQL: SELECT *FROM grade201814 [ RunTime:0.0003s ]
SQL: SELECT *FROM stu [ RunTime:0.0002s ]
SQL: SELECT count(*) FROM stu [ RunTime:0.0001s ]
SQL: SHOW COLUMNS FROM grade201821 [ RunTime:0.0037s ]
SQL: SELECT *FROM grade201821 [ RunTime:0.0002s ]
SQL: SELECT *FROM stu [ RunTime:0.0001s ]
SQL: SELECT count(*) FROM stu [ RunTime:0.0001s ]
SQL: SHOW COLUMNS FROM grade201911 [ RunTime:0.0034s ]
SQL: SELECT *FROM grade201911 [ RunTime:0.0002s ]
SQL: SELECT *FROM stu [ RunTime:0.0002s ]
SQL: SELECT count(*) FROM stu [ RunTime:0.0002s ]
INFO: [ view_parse ] --START--
INFO: [ template_filter ] --START--
INFO: Run Behavior\ContentReplaceBehavior [ RunTime:0.000065s ]
INFO: [ template_filter ] --END-- [ RunTime:0.000171s ]
NOTIC: [8] Undefined index: y D:\wamp\www\gradem\Application\Runtime\Cache\Home\2f776ce711082c7ddb105e1aedca79e2.php 第 32 行.
NOTIC: [2] Invalid argument supplied for foreach() D:\wamp\www\gradem\Application\Runtime\Cache\Home\2f776ce711082c7ddb105e1aedca79e2.php 第 32 行.
NOTIC: [8] Undefined index: y D:\wamp\www\gradem\Application\Runtime\Cache\Home\2f776ce711082c7ddb105e1aedca79e2.php 第 32 行.
NOTIC: [2] Invalid argument supplied for foreach() D:\wamp\www\gradem\Application\Runtime\Cache\Home\2f776ce711082c7ddb105e1aedca79e2.php 第 32 行.
NOTIC: [8] Undefined index: y D:\wamp\www\gradem\Application\Runtime\Cache\Home\2f776ce711082c7ddb105e1aedca79e2.php 第 32 行.
NOTIC: [2] Invalid argument supplied for foreach() D:\wamp\www\gradem\Application\Runtime\Cache\Home\2f776ce711082c7ddb105e1aedca79e2.php 第 32 行.
NOTIC: [8] Undefined index: y D:\wamp\www\gradem\Application\Runtime\Cache\Home\2f776ce711082c7ddb105e1aedca79e2.php 第 32 行.
NOTIC: [2] Invalid argument supplied for foreach() D:\wamp\www\gradem\Application\Runtime\Cache\Home\2f776ce711082c7ddb105e1aedca79e2.php 第 32 行.
NOTIC: [8] Undefined variable: sign3 D:\wamp\www\gradem\Application\Runtime\Cache\Home\2f776ce711082c7ddb105e1aedca79e2.php 第 33 行.
INFO: Run Behavior\ParseTemplateBehavior [ RunTime:0.009582s ]
INFO: [ view_parse ] --END-- [ RunTime:0.009702s ]
INFO: [ view_filter ] --START--
INFO: Run Behavior\WriteHtmlCacheBehavior [ RunTime:0.000376s ]
INFO: [ view_filter ] --END-- [ RunTime:0.000468s ]
INFO: [ app_end ] --START--
INFO: Run Behavior\ShowPageTraceBehavior [ RunTime:0.000499s ]
INFO: [ app_end ] --END-- [ RunTime:0.000597s ]

[ 2018-06-03T10:54:55+08:00 ] ::1 /gradem/home/teacher/add?biao=grade201611
INFO: [ app_init ] --START--
INFO: Run Behavior\BuildLiteBehavior [ RunTime:0.000024s ]
INFO: [ app_init ] --END-- [ RunTime:0.000467s ]
INFO: [ app_begin ] --START--
INFO: Run Behavior\ReadHtmlCacheBehavior [ RunTime:0.000515s ]
INFO: [ app_begin ] --END-- [ RunTime:0.000618s ]
SQL: insert into grade201611 (sid) values(2017330) [ RunTime:0.0669s ]
SQL: insert into grade201611 (sid) values(2017331) [ RunTime:0.0340s ]
SQL: insert into grade201611 (sid) values(2017332) [ RunTime:0.0775s ]
INFO: [ view_parse ] --START--
INFO: [ template_filter ] --START--
INFO: Run Behavior\ContentReplaceBehavior [ RunTime:0.000059s ]
INFO: [ template_filter ] --END-- [ RunTime:0.000182s ]
INFO: Run Behavior\ParseTemplateBehavior [ RunTime:0.006335s ]
INFO: [ view_parse ] --END-- [ RunTime:0.006470s ]
INFO: [ view_filter ] --START--
INFO: Run Behavior\WriteHtmlCacheBehavior [ RunTime:0.000443s ]
INFO: [ view_filter ] --END-- [ RunTime:0.000577s ]
INFO: [ app_end ] --START--
INFO: Run Behavior\ShowPageTraceBehavior [ RunTime:0.000760s ]
INFO: [ app_end ] --END-- [ RunTime:0.000926s ]

[ 2018-06-03T10:54:56+08:00 ] ::1 /gradem/home/teacher/index
INFO: [ app_init ] --START--
INFO: Run Behavior\BuildLiteBehavior [ RunTime:0.000023s ]
INFO: [ app_init ] --END-- [ RunTime:0.000412s ]
INFO: [ app_begin ] --START--
INFO: Run Behavior\ReadHtmlCacheBehavior [ RunTime:0.000728s ]
INFO: [ app_begin ] --END-- [ RunTime:0.000877s ]
SQL: show tables [ RunTime:0.0006s ]
SQL: SHOW COLUMNS FROM grade201611 [ RunTime:0.0044s ]
SQL: SELECT *FROM grade201611 [ RunTime:0.0003s ]
SQL: SELECT *FROM stu [ RunTime:0.0004s ]
SQL: SELECT count(*) FROM stu [ RunTime:0.0010s ]
SQL: SHOW COLUMNS FROM grade201711 [ RunTime:0.0210s ]
SQL: SELECT *FROM grade201711 [ RunTime:0.0003s ]
SQL: SELECT *FROM stu [ RunTime:0.0002s ]
SQL: SELECT count(*) FROM stu [ RunTime:0.0001s ]
SQL: SHOW COLUMNS FROM grade201713 [ RunTime:0.0037s ]
SQL: SELECT *FROM grade201713 [ RunTime:0.0002s ]
SQL: SELECT *FROM stu [ RunTime:0.0002s ]
SQL: SELECT count(*) FROM stu [ RunTime:0.0001s ]
SQL: SHOW COLUMNS FROM grade201814 [ RunTime:0.0041s ]
SQL: SELECT *FROM grade201814 [ RunTime:0.0003s ]
SQL: SELECT *FROM stu [ RunTime:0.0002s ]
SQL: SELECT count(*) FROM stu [ RunTime:0.0002s ]
SQL: SHOW COLUMNS FROM grade201821 [ RunTime:0.0042s ]
SQL: SELECT *FROM grade201821 [ RunTime:0.0003s ]
SQL: SELECT *FROM stu [ RunTime:0.0003s ]
SQL: SELECT count(*) FROM stu [ RunTime:0.0003s ]
SQL: SHOW COLUMNS FROM grade201911 [ RunTime:0.0039s ]
SQL: SELECT *FROM grade201911 [ RunTime:0.0003s ]
SQL: SELECT *FROM stu [ RunTime:0.0002s ]
SQL: SELECT count(*) FROM stu [ RunTime:0.0002s ]
INFO: [ view_parse ] --START--
INFO: [ template_filter ] --START--
INFO: Run Behavior\ContentReplaceBehavior [ RunTime:0.000063s ]
INFO: [ template_filter ] --END-- [ RunTime:0.000173s ]
NOTIC: [8] Undefined index: y D:\wamp\www\gradem\Application\Runtime\Cache\Home\2f776ce711082c7ddb105e1aedca79e2.php 第 32 行.
NOTIC: [2] Invalid argument supplied for foreach() D:\wamp\www\gradem\Application\Runtime\Cache\Home\2f776ce711082c7ddb105e1aedca79e2.php 第 32 行.
NOTIC: [8] Undefined index: y D:\wamp\www\gradem\Application\Runtime\Cache\Home\2f776ce711082c7ddb105e1aedca79e2.php 第 32 行.
NOTIC: [2] Invalid argument supplied for foreach() D:\wamp\www\gradem\Application\Runtime\Cache\Home\2f776ce711082c7ddb105e1aedca79e2.php 第 32 行.
NOTIC: [8] Undefined index: y D:\wamp\www\gradem\Application\Runtime\Cache\Home\2f776ce711082c7ddb105e1aedca79e2.php 第 32 行.
NOTIC: [2] Invalid argument supplied for foreach() D:\wamp\www\gradem\Application\Runtime\Cache\Home\2f776ce711082c7ddb105e1aedca79e2.php 第 32 行.
NOTIC: [8] Undefined variable: sign3 D:\wamp\www\gradem\Application\Runtime\Cache\Home\2f776ce711082c7ddb105e1aedca79e2.php 第 33 行.
INFO: Run Behavior\ParseTemplateBehavior [ RunTime:0.010868s ]
INFO: [ view_parse ] --END-- [ RunTime:0.011002s ]
INFO: [ view_filter ] --START--
INFO: Run Behavior\WriteHtmlCacheBehavior [ RunTime:0.000349s ]
INFO: [ view_filter ] --END-- [ RunTime:0.000436s ]
INFO: [ app_end ] --START--
INFO: Run Behavior\ShowPageTraceBehavior [ RunTime:0.000718s ]
INFO: [ app_end ] --END-- [ RunTime:0.000849s ]

[ 2018-06-03T10:55:01+08:00 ] ::1 /gradem/home/teacher/delete?biao=grade201711
INFO: [ app_init ] --START--
INFO: Run Behavior\BuildLiteBehavior [ RunTime:0.000028s ]
INFO: [ app_init ] --END-- [ RunTime:0.000624s ]
INFO: [ app_begin ] --START--
INFO: Run Behavior\ReadHtmlCacheBehavior [ RunTime:0.000598s ]
INFO: [ app_begin ] --END-- [ RunTime:0.000718s ]
SQL: delete from grade201711 where sid=2017331 [ RunTime:0.0620s ]
INFO: [ view_parse ] --START--
INFO: [ template_filter ] --START--
INFO: Run Behavior\ContentReplaceBehavior [ RunTime:0.000068s ]
INFO: [ template_filter ] --END-- [ RunTime:0.000186s ]
INFO: Run Behavior\ParseTemplateBehavior [ RunTime:0.006632s ]
INFO: [ view_parse ] --END-- [ RunTime:0.006758s ]
INFO: [ view_filter ] --START--
INFO: Run Behavior\WriteHtmlCacheBehavior [ RunTime:0.000479s ]
INFO: [ view_filter ] --END-- [ RunTime:0.000584s ]
INFO: [ app_end ] --START--
INFO: Run Behavior\ShowPageTraceBehavior [ RunTime:0.000672s ]
INFO: [ app_end ] --END-- [ RunTime:0.000786s ]

[ 2018-06-03T10:55:02+08:00 ] ::1 /gradem/home/teacher/index
INFO: [ app_init ] --START--
INFO: Run Behavior\BuildLiteBehavior [ RunTime:0.000022s ]
INFO: [ app_init ] --END-- [ RunTime:0.000491s ]
INFO: [ app_begin ] --START--
INFO: Run Behavior\ReadHtmlCacheBehavior [ RunTime:0.000573s ]
INFO: [ app_begin ] --END-- [ RunTime:0.000672s ]
SQL: show tables [ RunTime:0.0017s ]
SQL: SHOW COLUMNS FROM grade201611 [ RunTime:0.0038s ]
SQL: SELECT *FROM grade201611 [ RunTime:0.0003s ]
SQL: SELECT *FROM stu [ RunTime:0.0002s ]
SQL: SELECT count(*) FROM stu [ RunTime:0.0002s ]
SQL: SHOW COLUMNS FROM grade201711 [ RunTime:0.0037s ]
SQL: SELECT *FROM grade201711 [ RunTime:0.0003s ]
SQL: SELECT *FROM stu [ RunTime:0.0002s ]
SQL: SELECT count(*) FROM stu [ RunTime:0.0002s ]
SQL: SHOW COLUMNS FROM grade201713 [ RunTime:0.0038s ]
SQL: SELECT *FROM grade201713 [ RunTime:0.0011s ]
SQL: SELECT *FROM stu [ RunTime:0.0002s ]
SQL: SELECT count(*) FROM stu [ RunTime:0.0002s ]
SQL: SHOW COLUMNS FROM grade201814 [ RunTime:0.0035s ]
SQL: SELECT *FROM grade201814 [ RunTime:0.0003s ]
SQL: SELECT *FROM stu [ RunTime:0.0002s ]
SQL: SELECT count(*) FROM stu [ RunTime:0.0002s ]
SQL: SHOW COLUMNS FROM grade201821 [ RunTime:0.0035s ]
SQL: SELECT *FROM grade201821 [ RunTime:0.0003s ]
SQL: SELECT *FROM stu [ RunTime:0.0002s ]
SQL: SELECT count(*) FROM stu [ RunTime:0.0002s ]
SQL: SHOW COLUMNS FROM grade201911 [ RunTime:0.0035s ]
SQL: SELECT *FROM grade201911 [ RunTime:0.0003s ]
SQL: SELECT *FROM stu [ RunTime:0.0003s ]
SQL: SELECT count(*) FROM stu [ RunTime:0.0002s ]
INFO: [ view_parse ] --START--
INFO: [ template_filter ] --START--
INFO: Run Behavior\ContentReplaceBehavior [ RunTime:0.000060s ]
INFO: [ template_filter ] --END-- [ RunTime:0.000163s ]
NOTIC: [8] Undefined index: y D:\wamp\www\gradem\Application\Runtime\Cache\Home\2f776ce711082c7ddb105e1aedca79e2.php 第 32 行.
NOTIC: [2] Invalid argument supplied for foreach() D:\wamp\www\gradem\Application\Runtime\Cache\Home\2f776ce711082c7ddb105e1aedca79e2.php 第 32 行.
NOTIC: [8] Undefined index: y D:\wamp\www\gradem\Application\Runtime\Cache\Home\2f776ce711082c7ddb105e1aedca79e2.php 第 32 行.
NOTIC: [2] Invalid argument supplied for foreach() D:\wamp\www\gradem\Application\Runtime\Cache\Home\2f776ce711082c7ddb105e1aedca79e2.php 第 32 行.
NOTIC: [8] Undefined index: y D:\wamp\www\gradem\Application\Runtime\Cache\Home\2f776ce711082c7ddb105e1aedca79e2.php 第 32 行.
NOTIC: [2] Invalid argument supplied for foreach() D:\wamp\www\gradem\Application\Runtime\Cache\Home\2f776ce711082c7ddb105e1aedca79e2.php 第 32 行.
NOTIC: [8] Undefined variable: sign3 D:\wamp\www\gradem\Application\Runtime\Cache\Home\2f776ce711082c7ddb105e1aedca79e2.php 第 33 行.
INFO: Run Behavior\ParseTemplateBehavior [ RunTime:0.008987s ]
INFO: [ view_parse ] --END-- [ RunTime:0.009087s ]
INFO: [ view_filter ] --START--
INFO: Run Behavior\WriteHtmlCacheBehavior [ RunTime:0.000453s ]
INFO: [ view_filter ] --END-- [ RunTime:0.000543s ]
INFO: [ app_end ] --START--
INFO: Run Behavior\ShowPageTraceBehavior [ RunTime:0.000589s ]
INFO: [ app_end ] --END-- [ RunTime:0.000681s ]

[ 2018-06-03T10:55:17+08:00 ] ::1 /gradem/home/teacher/index
INFO: [ app_init ] --START--
INFO: Run Behavior\BuildLiteBehavior [ RunTime:0.000067s ]
INFO: [ app_init ] --END-- [ RunTime:0.001596s ]
INFO: [ app_begin ] --START--
INFO: Run Behavior\ReadHtmlCacheBehavior [ RunTime:0.000945s ]
INFO: [ app_begin ] --END-- [ RunTime:0.001124s ]
SQL: show tables [ RunTime:0.0007s ]
SQL: SHOW COLUMNS FROM grade201611 [ RunTime:0.0053s ]
SQL: SELECT *FROM grade201611 [ RunTime:0.0004s ]
SQL: SELECT *FROM stu [ RunTime:0.0003s ]
SQL: SELECT count(*) FROM stu [ RunTime:0.0003s ]
SQL: SHOW COLUMNS FROM grade201711 [ RunTime:0.0063s ]
SQL: SELECT *FROM grade201711 [ RunTime:0.0005s ]
SQL: SELECT *FROM stu [ RunTime:0.0004s ]
SQL: SELECT count(*) FROM stu [ RunTime:0.0004s ]
SQL: SHOW COLUMNS FROM grade201713 [ RunTime:0.0069s ]
SQL: SELECT *FROM grade201713 [ RunTime:0.0005s ]
SQL: SELECT *FROM stu [ RunTime:0.0005s ]
SQL: SELECT count(*) FROM stu [ RunTime:0.0003s ]
SQL: SHOW COLUMNS FROM grade201814 [ RunTime:0.0051s ]
SQL: SELECT *FROM grade201814 [ RunTime:0.0003s ]
SQL: SELECT *FROM stu [ RunTime:0.0002s ]
SQL: SELECT count(*) FROM stu [ RunTime:0.0002s ]
SQL: SHOW COLUMNS FROM grade201821 [ RunTime:0.0047s ]
SQL: SELECT *FROM grade201821 [ RunTime:0.0003s ]
SQL: SELECT *FROM stu [ RunTime:0.0004s ]
SQL: SELECT count(*) FROM stu [ RunTime:0.0003s ]
SQL: SHOW COLUMNS FROM grade201911 [ RunTime:0.0034s ]
SQL: SELECT *FROM grade201911 [ RunTime:0.0003s ]
SQL: SELECT *FROM stu [ RunTime:0.0002s ]
SQL: SELECT count(*) FROM stu [ RunTime:0.0002s ]
INFO: [ view_parse ] --START--
INFO: [ template_filter ] --START--
INFO: Run Behavior\ContentReplaceBehavior [ RunTime:0.000068s ]
INFO: [ template_filter ] --END-- [ RunTime:0.000184s ]
NOTIC: [8] Undefined index: y D:\wamp\www\gradem\Application\Runtime\Cache\Home\2f776ce711082c7ddb105e1aedca79e2.php 第 32 行.
NOTIC: [2] Invalid argument supplied for foreach() D:\wamp\www\gradem\Application\Runtime\Cache\Home\2f776ce711082c7ddb105e1aedca79e2.php 第 32 行.
NOTIC: [8] Undefined index: y D:\wamp\www\gradem\Application\Runtime\Cache\Home\2f776ce711082c7ddb105e1aedca79e2.php 第 32 行.
NOTIC: [2] Invalid argument supplied for foreach() D:\wamp\www\gradem\Application\Runtime\Cache\Home\2f776ce711082c7ddb105e1aedca79e2.php 第 32 行.
NOTIC: [8] Undefined index: y D:\wamp\www\gradem\Application\Runtime\Cache\Home\2f776ce711082c7ddb105e1aedca79e2.php 第 32 行.
NOTIC: [2] Invalid argument supplied for foreach() D:\wamp\www\gradem\Application\Runtime\Cache\Home\2f776ce711082c7ddb105e1aedca79e2.php 第 32 行.
NOTIC: [8] Undefined variable: sign3 D:\wamp\www\gradem\Application\Runtime\Cache\Home\2f776ce711082c7ddb105e1aedca79e2.php 第 33 行.
INFO: Run Behavior\ParseTemplateBehavior [ RunTime:0.009924s ]
INFO: [ view_parse ] --END-- [ RunTime:0.010035s ]
INFO: [ view_filter ] --START--
INFO: Run Behavior\WriteHtmlCacheBehavior [ RunTime:0.000366s ]
INFO: [ view_filter ] --END-- [ RunTime:0.000462s ]
INFO: [ app_end ] --START--
INFO: Run Behavior\ShowPageTraceBehavior [ RunTime:0.000631s ]
INFO: [ app_end ] --END-- [ RunTime:0.000769s ]

[ 2018-06-03T13:05:35+08:00 ] ::1 /gradem/home/index/land
INFO: [ app_init ] --START--
INFO: Run Behavior\BuildLiteBehavior [ RunTime:0.000024s ]
INFO: [ app_init ] --END-- [ RunTime:0.000706s ]
INFO: [ app_begin ] --START--
INFO: Run Behavior\ReadHtmlCacheBehavior [ RunTime:0.001710s ]
INFO: [ app_begin ] --END-- [ RunTime:0.002095s ]
INFO: [ view_parse ] --START--
INFO: [ template_filter ] --START--
INFO: Run Behavior\ContentReplaceBehavior [ RunTime:0.000150s ]
INFO: [ template_filter ] --END-- [ RunTime:0.000421s ]
INFO: Run Behavior\ParseTemplateBehavior [ RunTime:0.083710s ]
INFO: [ view_parse ] --END-- [ RunTime:0.083982s ]
INFO: [ view_filter ] --START--
INFO: Run Behavior\WriteHtmlCacheBehavior [ RunTime:0.001018s ]
INFO: [ view_filter ] --END-- [ RunTime:0.001280s ]
INFO: [ app_end ] --START--
INFO: Run Behavior\ShowPageTraceBehavior [ RunTime:0.001686s ]
INFO: [ app_end ] --END-- [ RunTime:0.002023s ]

[ 2018-06-03T13:05:48+08:00 ] ::1 /gradem/home/teacher/index
INFO: [ app_init ] --START--
INFO: Run Behavior\BuildLiteBehavior [ RunTime:0.000056s ]
INFO: [ app_init ] --END-- [ RunTime:0.001140s ]
INFO: [ app_begin ] --START--
INFO: Run Behavior\ReadHtmlCacheBehavior [ RunTime:0.001295s ]
INFO: [ app_begin ] --END-- [ RunTime:0.001556s ]
SQL: show tables [ RunTime:0.0008s ]
SQL: SHOW COLUMNS FROM grade201611 [ RunTime:0.0066s ]
SQL: SELECT *FROM grade201611 [ RunTime:0.0005s ]
SQL: SELECT *FROM stu [ RunTime:0.0004s ]
SQL: SELECT count(*) FROM stu [ RunTime:0.0003s ]
SQL: SHOW COLUMNS FROM grade201711 [ RunTime:0.0070s ]
SQL: SELECT *FROM grade201711 [ RunTime:0.0004s ]
SQL: SELECT *FROM stu [ RunTime:0.0005s ]
SQL: SELECT count(*) FROM stu [ RunTime:0.0004s ]
INFO: [ view_parse ] --START--
INFO: [ template_filter ] --START--
INFO: Run Behavior\ContentReplaceBehavior [ RunTime:0.000101s ]
INFO: [ template_filter ] --END-- [ RunTime:0.000273s ]
NOTIC: [8] Undefined index: y D:\wamp\www\gradem\Application\Runtime\Cache\Home\2f776ce711082c7ddb105e1aedca79e2.php 第 32 行.
NOTIC: [2] Invalid argument supplied for foreach() D:\wamp\www\gradem\Application\Runtime\Cache\Home\2f776ce711082c7ddb105e1aedca79e2.php 第 32 行.
NOTIC: [8] Undefined variable: sign3 D:\wamp\www\gradem\Application\Runtime\Cache\Home\2f776ce711082c7ddb105e1aedca79e2.php 第 33 行.
INFO: Run Behavior\ParseTemplateBehavior [ RunTime:0.033238s ]
INFO: [ view_parse ] --END-- [ RunTime:0.033404s ]
INFO: [ view_filter ] --START--
INFO: Run Behavior\WriteHtmlCacheBehavior [ RunTime:0.000642s ]
INFO: [ view_filter ] --END-- [ RunTime:0.000794s ]
INFO: [ app_end ] --START--
INFO: Run Behavior\ShowPageTraceBehavior [ RunTime:0.000857s ]
INFO: [ app_end ] --END-- [ RunTime:0.001013s ]

[ 2018-06-03T13:06:05+08:00 ] ::1 /gradem/home/teacher/add?biao=grade201711
INFO: [ app_init ] --START--
INFO: Run Behavior\BuildLiteBehavior [ RunTime:0.000037s ]
INFO: [ app_init ] --END-- [ RunTime:0.001040s ]
INFO: [ app_begin ] --START--
INFO: Run Behavior\ReadHtmlCacheBehavior [ RunTime:0.001080s ]
INFO: [ app_begin ] --END-- [ RunTime:0.001267s ]
SQL: insert into grade201711 (sid) values(2017330) [ RunTime:0.0530s ]
SQL: insert into grade201711 (sid) values(2017332) [ RunTime:0.0446s ]
INFO: [ view_parse ] --START--
INFO: [ template_filter ] --START--
INFO: Run Behavior\ContentReplaceBehavior [ RunTime:0.000221s ]
INFO: [ template_filter ] --END-- [ RunTime:0.000717s ]
INFO: Run Behavior\ParseTemplateBehavior [ RunTime:0.021286s ]
INFO: [ view_parse ] --END-- [ RunTime:0.021783s ]
INFO: [ view_filter ] --START--
INFO: Run Behavior\WriteHtmlCacheBehavior [ RunTime:0.001572s ]
INFO: [ view_filter ] --END-- [ RunTime:0.001981s ]
INFO: [ app_end ] --START--
INFO: Run Behavior\ShowPageTraceBehavior [ RunTime:0.002127s ]
INFO: [ app_end ] --END-- [ RunTime:0.002502s ]

[ 2018-06-03T13:06:06+08:00 ] ::1 /gradem/home/teacher/index
INFO: [ app_init ] --START--
INFO: Run Behavior\BuildLiteBehavior [ RunTime:0.000036s ]
INFO: [ app_init ] --END-- [ RunTime:0.000698s ]
INFO: [ app_begin ] --START--
INFO: Run Behavior\ReadHtmlCacheBehavior [ RunTime:0.000968s ]
INFO: [ app_begin ] --END-- [ RunTime:0.001146s ]
SQL: show tables [ RunTime:0.0008s ]
SQL: SHOW COLUMNS FROM grade201611 [ RunTime:0.0054s ]
SQL: SELECT *FROM grade201611 [ RunTime:0.0004s ]
SQL: SELECT *FROM stu [ RunTime:0.0003s ]
SQL: SELECT count(*) FROM stu [ RunTime:0.0003s ]
SQL: SHOW COLUMNS FROM grade201711 [ RunTime:0.0652s ]
SQL: SELECT *FROM grade201711 [ RunTime:0.0003s ]
SQL: SELECT *FROM stu [ RunTime:0.0002s ]
SQL: SELECT count(*) FROM stu [ RunTime:0.0002s ]
INFO: [ view_parse ] --START--
INFO: [ template_filter ] --START--
INFO: Run Behavior\ContentReplaceBehavior [ RunTime:0.000103s ]
INFO: [ template_filter ] --END-- [ RunTime:0.000280s ]
NOTIC: [8] Undefined variable: sign3 D:\wamp\www\gradem\Application\Runtime\Cache\Home\2f776ce711082c7ddb105e1aedca79e2.php 第 33 行.
INFO: Run Behavior\ParseTemplateBehavior [ RunTime:0.011211s ]
INFO: [ view_parse ] --END-- [ RunTime:0.011342s ]
INFO: [ view_filter ] --START--
INFO: Run Behavior\WriteHtmlCacheBehavior [ RunTime:0.000407s ]
INFO: [ view_filter ] --END-- [ RunTime:0.000501s ]
INFO: [ app_end ] --START--
INFO: Run Behavior\ShowPageTraceBehavior [ RunTime:0.000546s ]
INFO: [ app_end ] --END-- [ RunTime:0.000643s ]

[ 2018-06-03T13:06:11+08:00 ] ::1 /gradem/home/teacher/add?biao=grade201611
INFO: [ app_init ] --START--
INFO: Run Behavior\BuildLiteBehavior [ RunTime:0.000026s ]
INFO: [ app_init ] --END-- [ RunTime:0.000543s ]
INFO: [ app_begin ] --START--
INFO: Run Behavior\ReadHtmlCacheBehavior [ RunTime:0.000600s ]
INFO: [ app_begin ] --END-- [ RunTime:0.000714s ]
SQL: insert into grade201611 (sid) values(2017335) [ RunTime:0.0717s ]
INFO: [ view_parse ] --START--
INFO: [ template_filter ] --START--
INFO: Run Behavior\ContentReplaceBehavior [ RunTime:0.000218s ]
INFO: [ template_filter ] --END-- [ RunTime:0.000598s ]
INFO: Run Behavior\ParseTemplateBehavior [ RunTime:0.019822s ]
INFO: [ view_parse ] --END-- [ RunTime:0.020313s ]
INFO: [ view_filter ] --START--
INFO: Run Behavior\WriteHtmlCacheBehavior [ RunTime:0.001367s ]
INFO: [ view_filter ] --END-- [ RunTime:0.002072s ]
INFO: [ app_end ] --START--
INFO: Run Behavior\ShowPageTraceBehavior [ RunTime:0.002303s ]
INFO: [ app_end ] --END-- [ RunTime:0.002692s ]

[ 2018-06-03T13:06:12+08:00 ] ::1 /gradem/home/teacher/index
INFO: [ app_init ] --START--
INFO: Run Behavior\BuildLiteBehavior [ RunTime:0.000039s ]
INFO: [ app_init ] --END-- [ RunTime:0.000746s ]
INFO: [ app_begin ] --START--
INFO: Run Behavior\ReadHtmlCacheBehavior [ RunTime:0.000881s ]
INFO: [ app_begin ] --END-- [ RunTime:0.001066s ]
SQL: show tables [ RunTime:0.0005s ]
SQL: SHOW COLUMNS FROM grade201611 [ RunTime:0.0036s ]
SQL: SELECT *FROM grade201611 [ RunTime:0.0003s ]
SQL: SELECT *FROM stu [ RunTime:0.0002s ]
SQL: SELECT count(*) FROM stu [ RunTime:0.0002s ]
SQL: SHOW COLUMNS FROM grade201711 [ RunTime:0.0051s ]
SQL: SELECT *FROM grade201711 [ RunTime:0.0006s ]
SQL: SELECT *FROM stu [ RunTime:0.0011s ]
SQL: SELECT count(*) FROM stu [ RunTime:0.0002s ]
INFO: [ view_parse ] --START--
INFO: [ template_filter ] --START--
INFO: Run Behavior\ContentReplaceBehavior [ RunTime:0.000065s ]
INFO: [ template_filter ] --END-- [ RunTime:0.000175s ]
NOTIC: [8] Undefined variable: sign3 D:\wamp\www\gradem\Application\Runtime\Cache\Home\2f776ce711082c7ddb105e1aedca79e2.php 第 33 行.
INFO: Run Behavior\ParseTemplateBehavior [ RunTime:0.010887s ]
INFO: [ view_parse ] --END-- [ RunTime:0.010991s ]
INFO: [ view_filter ] --START--
INFO: Run Behavior\WriteHtmlCacheBehavior [ RunTime:0.000362s ]
INFO: [ view_filter ] --END-- [ RunTime:0.000452s ]
INFO: [ app_end ] --START--
INFO: Run Behavior\ShowPageTraceBehavior [ RunTime:0.000484s ]
INFO: [ app_end ] --END-- [ RunTime:0.000577s ]

[ 2018-06-03T13:06:13+08:00 ] ::1 /gradem/home/teacher/index
INFO: [ app_init ] --START--
INFO: Run Behavior\BuildLiteBehavior [ RunTime:0.000025s ]
INFO: [ app_init ] --END-- [ RunTime:0.000552s ]
INFO: [ app_begin ] --START--
INFO: Run Behavior\ReadHtmlCacheBehavior [ RunTime:0.000543s ]
INFO: [ app_begin ] --END-- [ RunTime:0.000658s ]
SQL: show tables [ RunTime:0.0010s ]
SQL: SHOW COLUMNS FROM grade201611 [ RunTime:0.0499s ]
SQL: SELECT *FROM grade201611 [ RunTime:0.0003s ]
SQL: SELECT *FROM stu [ RunTime:0.0002s ]
SQL: SELECT count(*) FROM stu [ RunTime:0.0002s ]
SQL: SHOW COLUMNS FROM grade201711 [ RunTime:0.0040s ]
SQL: SELECT *FROM grade201711 [ RunTime:0.0003s ]
SQL: SELECT *FROM stu [ RunTime:0.0002s ]
SQL: SELECT count(*) FROM stu [ RunTime:0.0002s ]
INFO: [ view_parse ] --START--
INFO: [ template_filter ] --START--
INFO: Run Behavior\ContentReplaceBehavior [ RunTime:0.000085s ]
INFO: [ template_filter ] --END-- [ RunTime:0.000215s ]
NOTIC: [8] Undefined variable: sign3 D:\wamp\www\gradem\Application\Runtime\Cache\Home\2f776ce711082c7ddb105e1aedca79e2.php 第 33 行.
INFO: Run Behavior\ParseTemplateBehavior [ RunTime:0.009765s ]
INFO: [ view_parse ] --END-- [ RunTime:0.009874s ]
INFO: [ view_filter ] --START--
INFO: Run Behavior\WriteHtmlCacheBehavior [ RunTime:0.000404s ]
INFO: [ view_filter ] --END-- [ RunTime:0.000489s ]
INFO: [ app_end ] --START--
INFO: Run Behavior\ShowPageTraceBehavior [ RunTime:0.000530s ]
INFO: [ app_end ] --END-- [ RunTime:0.000619s ]

[ 2018-06-03T13:06:23+08:00 ] ::1 /gradem/home/index/land
INFO: [ app_init ] --START--
INFO: Run Behavior\BuildLiteBehavior [ RunTime:0.000030s ]
INFO: [ app_init ] --END-- [ RunTime:0.000582s ]
INFO: [ app_begin ] --START--
INFO: Run Behavior\ReadHtmlCacheBehavior [ RunTime:0.000627s ]
INFO: [ app_begin ] --END-- [ RunTime:0.000751s ]
INFO: [ view_parse ] --START--
INFO: [ template_filter ] --START--
INFO: Run Behavior\ContentReplaceBehavior [ RunTime:0.000068s ]
INFO: [ template_filter ] --END-- [ RunTime:0.000189s ]
INFO: Run Behavior\ParseTemplateBehavior [ RunTime:0.005937s ]
INFO: [ view_parse ] --END-- [ RunTime:0.006070s ]
INFO: [ view_filter ] --START--
INFO: Run Behavior\WriteHtmlCacheBehavior [ RunTime:0.000468s ]
INFO: [ view_filter ] --END-- [ RunTime:0.000581s ]

[ 2018-06-03T13:08:27+08:00 ] ::1 /gradem/home/index/land
INFO: [ app_init ] --START--
INFO: Run Behavior\BuildLiteBehavior [ RunTime:0.000041s ]
INFO: [ app_init ] --END-- [ RunTime:0.000880s ]
INFO: [ app_begin ] --START--
INFO: Run Behavior\ReadHtmlCacheBehavior [ RunTime:0.001060s ]
INFO: [ app_begin ] --END-- [ RunTime:0.001254s ]
INFO: [ view_parse ] --START--
INFO: [ template_filter ] --START--
INFO: Run Behavior\ContentReplaceBehavior [ RunTime:0.000111s ]
INFO: [ template_filter ] --END-- [ RunTime:0.000300s ]
INFO: Run Behavior\ParseTemplateBehavior [ RunTime:0.009486s ]
INFO: [ view_parse ] --END-- [ RunTime:0.009658s ]
INFO: [ view_filter ] --START--
INFO: Run Behavior\WriteHtmlCacheBehavior [ RunTime:0.000494s ]
INFO: [ view_filter ] --END-- [ RunTime:0.000603s ]

[ 2018-06-03T13:08:30+08:00 ] ::1 /gradem/home/index/U('admin/index/index')
INFO: [ app_init ] --START--
INFO: Run Behavior\BuildLiteBehavior [ RunTime:0.000033s ]
INFO: [ app_init ] --END-- [ RunTime:0.000700s ]
INFO: [ app_begin ] --START--
INFO: Run Behavior\ReadHtmlCacheBehavior [ RunTime:0.000714s ]
INFO: [ app_begin ] --END-- [ RunTime:0.000863s ]
ERR: 非法操作:U('admin

[ 2018-06-03T13:08:56+08:00 ] ::1 /gradem/home/index/U('admin/index/index')
INFO: [ app_init ] --START--
INFO: Run Behavior\BuildLiteBehavior [ RunTime:0.000026s ]
INFO: [ app_init ] --END-- [ RunTime:0.000553s ]
INFO: [ app_begin ] --START--
INFO: Run Behavior\ReadHtmlCacheBehavior [ RunTime:0.000614s ]
INFO: [ app_begin ] --END-- [ RunTime:0.000727s ]
ERR: 非法操作:U('admin

[ 2018-06-03T13:09:01+08:00 ] ::1 /gradem/home/index/U('admin/index/index')
INFO: [ app_init ] --START--
INFO: Run Behavior\BuildLiteBehavior [ RunTime:0.000025s ]
INFO: [ app_init ] --END-- [ RunTime:0.000529s ]
INFO: [ app_begin ] --START--
INFO: Run Behavior\ReadHtmlCacheBehavior [ RunTime:0.000586s ]
INFO: [ app_begin ] --END-- [ RunTime:0.000699s ]
ERR: 非法操作:U('admin

[ 2018-06-03T13:09:34+08:00 ] ::1 /gradem/home/index/U('admin/index/index')
INFO: [ app_init ] --START--
INFO: Run Behavior\BuildLiteBehavior [ RunTime:0.000025s ]
INFO: [ app_init ] --END-- [ RunTime:0.000534s ]
INFO: [ app_begin ] --START--
INFO: Run Behavior\ReadHtmlCacheBehavior [ RunTime:0.000612s ]
INFO: [ app_begin ] --END-- [ RunTime:0.000726s ]
ERR: 非法操作:U('admin

[ 2018-06-03T13:09:38+08:00 ] ::1 /gradem/home/index/U('admin/index/index')
INFO: [ app_init ] --START--
INFO: Run Behavior\BuildLiteBehavior [ RunTime:0.000048s ]
INFO: [ app_init ] --END-- [ RunTime:0.000995s ]
INFO: [ app_begin ] --START--
INFO: Run Behavior\ReadHtmlCacheBehavior [ RunTime:0.001164s ]
INFO: [ app_begin ] --END-- [ RunTime:0.001399s ]
ERR: 非法操作:U('admin

[ 2018-06-03T13:09:43+08:00 ] ::1 /gradem/home/index/land
INFO: [ app_init ] --START--
INFO: Run Behavior\BuildLiteBehavior [ RunTime:0.000022s ]
INFO: [ app_init ] --END-- [ RunTime:0.000397s ]
INFO: [ app_begin ] --START--
INFO: Run Behavior\ReadHtmlCacheBehavior [ RunTime:0.000450s ]
INFO: [ app_begin ] --END-- [ RunTime:0.000549s ]
INFO: [ app_end ] --START--
INFO: Run Behavior\ShowPageTraceBehavior [ RunTime:0.000530s ]
INFO: [ app_end ] --END-- [ RunTime:0.000625s ]

[ 2018-06-03T13:09:45+08:00 ] ::1 /gradem/home/index/land
INFO: [ app_init ] --START--
INFO: Run Behavior\BuildLiteBehavior [ RunTime:0.000051s ]
INFO: [ app_init ] --END-- [ RunTime:0.001630s ]
INFO: [ app_begin ] --START--
INFO: Run Behavior\ReadHtmlCacheBehavior [ RunTime:0.000795s ]
INFO: [ app_begin ] --END-- [ RunTime:0.000953s ]
INFO: [ view_parse ] --START--
INFO: [ template_filter ] --START--
INFO: Run Behavior\ContentReplaceBehavior [ RunTime:0.000067s ]
INFO: [ template_filter ] --END-- [ RunTime:0.000176s ]
INFO: Run Behavior\ParseTemplateBehavior [ RunTime:0.005585s ]
INFO: [ view_parse ] --END-- [ RunTime:0.005713s ]
INFO: [ view_filter ] --START--
INFO: Run Behavior\WriteHtmlCacheBehavior [ RunTime:0.000459s ]
INFO: [ view_filter ] --END-- [ RunTime:0.000570s ]
INFO: [ app_end ] --START--
INFO: Run Behavior\ShowPageTraceBehavior [ RunTime:0.000621s ]
INFO: [ app_end ] --END-- [ RunTime:0.000727s ]

[ 2018-06-03T13:09:50+08:00 ] ::1 /gradem/home/index/land
INFO: [ app_init ] --START--
INFO: Run Behavior\BuildLiteBehavior [ RunTime:0.000026s ]
INFO: [ app_init ] --END-- [ RunTime:0.000541s ]
INFO: [ app_begin ] --START--
INFO: Run Behavior\ReadHtmlCacheBehavior [ RunTime:0.000554s ]
INFO: [ app_begin ] --END-- [ RunTime:0.000651s ]
INFO: [ view_parse ] --START--
INFO: [ template_filter ] --START--
INFO: Run Behavior\ContentReplaceBehavior [ RunTime:0.000209s ]
INFO: [ template_filter ] --END-- [ RunTime:0.000540s ]
INFO: Run Behavior\ParseTemplateBehavior [ RunTime:0.006742s ]
INFO: [ view_parse ] --END-- [ RunTime:0.006855s ]
INFO: [ view_filter ] --START--
INFO: Run Behavior\WriteHtmlCacheBehavior [ RunTime:0.000371s ]
INFO: [ view_filter ] --END-- [ RunTime:0.000465s ]

[ 2018-06-03T13:11:26+08:00 ] ::1 /gradem/home/index/land
INFO: [ app_init ] --START--
INFO: Run Behavior\BuildLiteBehavior [ RunTime:0.000032s ]
INFO: [ app_init ] --END-- [ RunTime:0.000568s ]
INFO: [ app_begin ] --START--
INFO: Run Behavior\ReadHtmlCacheBehavior [ RunTime:0.000718s ]
INFO: [ app_begin ] --END-- [ RunTime:0.000854s ]
ERR: 非法操作:land

[ 2018-06-03T13:11:29+08:00 ] ::1 /gradem/home/
INFO: [ app_init ] --START--
INFO: Run Behavior\BuildLiteBehavior [ RunTime:0.000089s ]
INFO: [ app_init ] --END-- [ RunTime:0.001657s ]
INFO: [ app_begin ] --START--
INFO: Run Behavior\ReadHtmlCacheBehavior [ RunTime:0.000987s ]
INFO: [ app_begin ] --END-- [ RunTime:0.001177s ]
INFO: [ view_parse ] --START--
INFO: [ template_filter ] --START--
INFO: Run Behavior\ContentReplaceBehavior [ RunTime:0.000108s ]
INFO: [ template_filter ] --END-- [ RunTime:0.000288s ]
INFO: Run Behavior\ParseTemplateBehavior [ RunTime:0.009573s ]
INFO: [ view_parse ] --END-- [ RunTime:0.009849s ]
INFO: [ view_filter ] --START--
INFO: Run Behavior\WriteHtmlCacheBehavior [ RunTime:0.001488s ]
INFO: [ view_filter ] --END-- [ RunTime:0.001724s ]
INFO: [ app_end ] --START--
INFO: Run Behavior\ShowPageTraceBehavior [ RunTime:0.000816s ]
INFO: [ app_end ] --END-- [ RunTime:0.000957s ]

[ 2018-06-03T13:11:36+08:00 ] ::1 /gradem/home/
INFO: [ app_init ] --START--
INFO: Run Behavior\BuildLiteBehavior [ RunTime:0.000025s ]
INFO: [ app_init ] --END-- [ RunTime:0.000539s ]
INFO: [ app_begin ] --START--
INFO: Run Behavior\ReadHtmlCacheBehavior [ RunTime:0.000551s ]
INFO: [ app_begin ] --END-- [ RunTime:0.000666s ]
INFO: [ view_parse ] --START--
INFO: [ template_filter ] --START--
INFO: Run Behavior\ContentReplaceBehavior [ RunTime:0.000071s ]
INFO: [ template_filter ] --END-- [ RunTime:0.000199s ]
INFO: Run Behavior\ParseTemplateBehavior [ RunTime:0.006937s ]
INFO: [ view_parse ] --END-- [ RunTime:0.007115s ]
INFO: [ view_filter ] --START--
INFO: Run Behavior\WriteHtmlCacheBehavior [ RunTime:0.000388s ]
INFO: [ view_filter ] --END-- [ RunTime:0.000501s ]

[ 2018-06-03T13:11:49+08:00 ] ::1 /gradem/home/
INFO: [ app_init ] --START--
INFO: Run Behavior\BuildLiteBehavior [ RunTime:0.000026s ]
INFO: [ app_init ] --END-- [ RunTime:0.000543s ]
INFO: [ app_begin ] --START--
INFO: Run Behavior\ReadHtmlCacheBehavior [ RunTime:0.000600s ]
INFO: [ app_begin ] --END-- [ RunTime:0.000715s ]
INFO: [ view_parse ] --START--
INFO: [ template_filter ] --START--
INFO: Run Behavior\ContentReplaceBehavior [ RunTime:0.000095s ]
INFO: [ template_filter ] --END-- [ RunTime:0.000267s ]
INFO: Run Behavior\ParseTemplateBehavior [ RunTime:0.006871s ]
INFO: [ view_parse ] --END-- [ RunTime:0.007102s ]
INFO: [ view_filter ] --START--
INFO: Run Behavior\WriteHtmlCacheBehavior [ RunTime:0.000572s ]
INFO: [ view_filter ] --END-- [ RunTime:0.000728s ]

[ 2018-06-03T13:12:00+08:00 ] ::1 /gradem/home/
INFO: [ app_init ] --START--
INFO: Run Behavior\BuildLiteBehavior [ RunTime:0.000025s ]
INFO: [ app_init ] --END-- [ RunTime:0.000540s ]
INFO: [ app_begin ] --START--
INFO: Run Behavior\ReadHtmlCacheBehavior [ RunTime:0.000719s ]
INFO: [ app_begin ] --END-- [ RunTime:0.000879s ]
INFO: [ view_parse ] --START--
INFO: [ template_filter ] --START--
INFO: Run Behavior\ContentReplaceBehavior [ RunTime:0.000060s ]
INFO: [ template_filter ] --END-- [ RunTime:0.000167s ]
INFO: Run Behavior\ParseTemplateBehavior [ RunTime:0.006142s ]
INFO: [ view_parse ] --END-- [ RunTime:0.006253s ]
INFO: [ view_filter ] --START--
INFO: Run Behavior\WriteHtmlCacheBehavior [ RunTime:0.000421s ]
INFO: [ view_filter ] --END-- [ RunTime:0.000513s ]

[ 2018-06-03T13:14:03+08:00 ] ::1 /gradem/home/
INFO: [ app_init ] --START--
INFO: Run Behavior\BuildLiteBehavior [ RunTime:0.000029s ]
INFO: [ app_init ] --END-- [ RunTime:0.000660s ]
INFO: [ app_begin ] --START--
INFO: Run Behavior\ReadHtmlCacheBehavior [ RunTime:0.000766s ]
INFO: [ app_begin ] --END-- [ RunTime:0.000905s ]
INFO: [ view_parse ] --START--
INFO: [ template_filter ] --START--
INFO: Run Behavior\ContentReplaceBehavior [ RunTime:0.000092s ]
INFO: [ template_filter ] --END-- [ RunTime:0.000259s ]
INFO: Run Behavior\ParseTemplateBehavior [ RunTime:0.007537s ]
INFO: [ view_parse ] --END-- [ RunTime:0.007686s ]
INFO: [ view_filter ] --START--
INFO: Run Behavior\WriteHtmlCacheBehavior [ RunTime:0.000594s ]
INFO: [ view_filter ] --END-- [ RunTime:0.000722s ]

[ 2018-06-03T13:14:06+08:00 ] ::1 /gradem/home/
INFO: [ app_init ] --START--
INFO: Run Behavior\BuildLiteBehavior [ RunTime:0.000031s ]
INFO: [ app_init ] --END-- [ RunTime:0.000628s ]
INFO: [ app_begin ] --START--
INFO: Run Behavior\ReadHtmlCacheBehavior [ RunTime:0.000659s ]
INFO: [ app_begin ] --END-- [ RunTime:0.000787s ]
INFO: [ view_parse ] --START--
INFO: [ template_filter ] --START--
INFO: Run Behavior\ContentReplaceBehavior [ RunTime:0.000070s ]
INFO: [ template_filter ] --END-- [ RunTime:0.000190s ]
INFO: Run Behavior\ParseTemplateBehavior [ RunTime:0.005951s ]
INFO: [ view_parse ] --END-- [ RunTime:0.006087s ]
INFO: [ view_filter ] --START--
INFO: Run Behavior\WriteHtmlCacheBehavior [ RunTime:0.000471s ]
INFO: [ view_filter ] --END-- [ RunTime:0.000584s ]

[ 2018-06-03T13:14:12+08:00 ] ::1 /gradem/home/
INFO: [ app_init ] --START--
INFO: Run Behavior\BuildLiteBehavior [ RunTime:0.000029s ]
INFO: [ app_init ] --END-- [ RunTime:0.000575s ]
INFO: [ app_begin ] --START--
INFO: Run Behavior\ReadHtmlCacheBehavior [ RunTime:0.000586s ]
INFO: [ app_begin ] --END-- [ RunTime:0.000721s ]
INFO: [ view_parse ] --START--
INFO: [ template_filter ] --START--
INFO: Run Behavior\ContentReplaceBehavior [ RunTime:0.000059s ]
INFO: [ template_filter ] --END-- [ RunTime:0.000157s ]
INFO: Run Behavior\ParseTemplateBehavior [ RunTime:0.005316s ]
INFO: [ view_parse ] --END-- [ RunTime:0.005428s ]
INFO: [ view_filter ] --START--
INFO: Run Behavior\WriteHtmlCacheBehavior [ RunTime:0.000411s ]
INFO: [ view_filter ] --END-- [ RunTime:0.000504s ]

[ 2018-06-03T13:14:26+08:00 ] ::1 /gradem/home/teacher/index
INFO: [ app_init ] --START--
INFO: Run Behavior\BuildLiteBehavior [ RunTime:0.000027s ]
INFO: [ app_init ] --END-- [ RunTime:0.000578s ]
INFO: [ app_begin ] --START--
INFO: Run Behavior\ReadHtmlCacheBehavior [ RunTime:0.000622s ]
INFO: [ app_begin ] --END-- [ RunTime:0.000737s ]
SQL: show tables [ RunTime:0.0005s ]
SQL: SHOW COLUMNS FROM grade201611 [ RunTime:0.0722s ]
SQL: SELECT *FROM grade201611 [ RunTime:0.0006s ]
SQL: SELECT *FROM stu [ RunTime:0.0006s ]
SQL: SELECT count(*) FROM stu [ RunTime:0.0005s ]
SQL: SHOW COLUMNS FROM grade201711 [ RunTime:0.0107s ]
SQL: SELECT *FROM grade201711 [ RunTime:0.0006s ]
SQL: SELECT *FROM stu [ RunTime:0.0006s ]
SQL: SELECT count(*) FROM stu [ RunTime:0.0005s ]
INFO: [ view_parse ] --START--
INFO: [ template_filter ] --START--
INFO: Run Behavior\ContentReplaceBehavior [ RunTime:0.000103s ]
INFO: [ template_filter ] --END-- [ RunTime:0.000279s ]
NOTIC: [8] Undefined variable: sign3 D:\wamp\www\gradem\Application\Runtime\Cache\Home\2f776ce711082c7ddb105e1aedca79e2.php 第 33 行.
INFO: Run Behavior\ParseTemplateBehavior [ RunTime:0.023283s ]
INFO: [ view_parse ] --END-- [ RunTime:0.023610s ]
INFO: [ view_filter ] --START--
INFO: Run Behavior\WriteHtmlCacheBehavior [ RunTime:0.000656s ]
INFO: [ view_filter ] --END-- [ RunTime:0.000808s ]
INFO: [ app_end ] --START--
INFO: Run Behavior\ShowPageTraceBehavior [ RunTime:0.000903s ]
INFO: [ app_end ] --END-- [ RunTime:0.001122s ]

[ 2018-06-03T13:14:35+08:00 ] ::1 /gradem/home/teacher/index
INFO: [ app_init ] --START--
INFO: Run Behavior\BuildLiteBehavior [ RunTime:0.000053s ]
INFO: [ app_init ] --END-- [ RunTime:0.000885s ]
INFO: [ app_begin ] --START--
INFO: Run Behavior\ReadHtmlCacheBehavior [ RunTime:0.000713s ]
INFO: [ app_begin ] --END-- [ RunTime:0.000851s ]
SQL: show tables [ RunTime:0.0007s ]
SQL: SHOW COLUMNS FROM grade201611 [ RunTime:0.0234s ]
SQL: SELECT *FROM grade201611 [ RunTime:0.0003s ]
SQL: SELECT *FROM stu [ RunTime:0.0002s ]
SQL: SELECT count(*) FROM stu [ RunTime:0.0002s ]
SQL: SHOW COLUMNS FROM grade201711 [ RunTime:0.0039s ]
SQL: SELECT *FROM grade201711 [ RunTime:0.0003s ]
SQL: SELECT *FROM stu [ RunTime:0.0002s ]
SQL: SELECT count(*) FROM stu [ RunTime:0.0002s ]
INFO: [ view_parse ] --START--
INFO: [ template_filter ] --START--
INFO: Run Behavior\ContentReplaceBehavior [ RunTime:0.000061s ]
INFO: [ template_filter ] --END-- [ RunTime:0.000162s ]
NOTIC: [8] Undefined variable: sign3 D:\wamp\www\gradem\Application\Runtime\Cache\Home\2f776ce711082c7ddb105e1aedca79e2.php 第 33 行.
INFO: Run Behavior\ParseTemplateBehavior [ RunTime:0.008605s ]
INFO: [ view_parse ] --END-- [ RunTime:0.008706s ]
INFO: [ view_filter ] --START--
INFO: Run Behavior\WriteHtmlCacheBehavior [ RunTime:0.000441s ]
INFO: [ view_filter ] --END-- [ RunTime:0.000528s ]
INFO: [ app_end ] --START--
INFO: Run Behavior\ShowPageTraceBehavior [ RunTime:0.000540s ]
INFO: [ app_end ] --END-- [ RunTime:0.000629s ]

