[ 2018-06-06T17:20:47+08:00 ] ::1 /gradem/home/index/
INFO: [ app_init ] --START--
INFO: Run Behavior\BuildLiteBehavior [ RunTime:0.000090s ]
INFO: [ app_init ] --END-- [ RunTime:0.011497s ]
INFO: [ app_begin ] --START--
INFO: Run Behavior\ReadHtmlCacheBehavior [ RunTime:0.017958s ]
INFO: [ app_begin ] --END-- [ RunTime:0.018732s ]
INFO: [ view_parse ] --START--
INFO: [ template_filter ] --START--
INFO: Run Behavior\ContentReplaceBehavior [ RunTime:0.000256s ]
INFO: [ template_filter ] --END-- [ RunTime:0.000663s ]
INFO: Run Behavior\ParseTemplateBehavior [ RunTime:0.095780s ]
INFO: [ view_parse ] --END-- [ RunTime:0.096225s ]
INFO: [ view_filter ] --START--
INFO: Run Behavior\WriteHtmlCacheBehavior [ RunTime:0.031511s ]
INFO: [ view_filter ] --END-- [ RunTime:0.031895s ]
INFO: [ app_end ] --START--
INFO: Run Behavior\ShowPageTraceBehavior [ RunTime:0.006299s ]
INFO: [ app_end ] --END-- [ RunTime:0.006725s ]

[ 2018-06-06T17:21:08+08:00 ] ::1 /gradem/home/index/
INFO: [ app_init ] --START--
INFO: Run Behavior\BuildLiteBehavior [ RunTime:0.000024s ]
INFO: [ app_init ] --END-- [ RunTime:0.000468s ]
INFO: [ app_begin ] --START--
INFO: Run Behavior\ReadHtmlCacheBehavior [ RunTime:0.000635s ]
INFO: [ app_begin ] --END-- [ RunTime:0.000738s ]
INFO: [ view_parse ] --START--
INFO: [ template_filter ] --START--
INFO: Run Behavior\ContentReplaceBehavior [ RunTime:0.000059s ]
INFO: [ template_filter ] --END-- [ RunTime:0.000164s ]
INFO: Run Behavior\ParseTemplateBehavior [ RunTime:0.029165s ]
INFO: [ view_parse ] --END-- [ RunTime:0.029267s ]
INFO: [ view_filter ] --START--
INFO: Run Behavior\WriteHtmlCacheBehavior [ RunTime:0.000487s ]
INFO: [ view_filter ] --END-- [ RunTime:0.000573s ]

[ 2018-06-06T17:22:13+08:00 ] ::1 /gradem/home/index/
INFO: [ app_init ] --START--
INFO: Run Behavior\BuildLiteBehavior [ RunTime:0.000025s ]
INFO: [ app_init ] --END-- [ RunTime:0.000474s ]
INFO: [ app_begin ] --START--
INFO: Run Behavior\ReadHtmlCacheBehavior [ RunTime:0.000680s ]
INFO: [ app_begin ] --END-- [ RunTime:0.000785s ]
SQL: SHOW COLUMNS FROM `tea` [ RunTime:0.0053s ]
SQL: SELECT `tpass` FROM `tea` WHERE ( tid = '201241' ) LIMIT 1   [ RunTime:0.0003s ]
INFO: [ view_parse ] --START--
INFO: [ template_filter ] --START--
INFO: Run Behavior\ContentReplaceBehavior [ RunTime:0.000060s ]
INFO: [ template_filter ] --END-- [ RunTime:0.000159s ]
INFO: Run Behavior\ParseTemplateBehavior [ RunTime:0.005926s ]
INFO: [ view_parse ] --END-- [ RunTime:0.006033s ]
INFO: [ view_filter ] --START--
INFO: Run Behavior\WriteHtmlCacheBehavior [ RunTime:0.000544s ]
INFO: [ view_filter ] --END-- [ RunTime:0.000631s ]
INFO: [ app_end ] --START--
INFO: Run Behavior\ShowPageTraceBehavior [ RunTime:0.000673s ]
INFO: [ app_end ] --END-- [ RunTime:0.000762s ]

[ 2018-06-06T17:22:14+08:00 ] ::1 /gradem/home/teacher/index
INFO: [ app_init ] --START--
INFO: Run Behavior\BuildLiteBehavior [ RunTime:0.000038s ]
INFO: [ app_init ] --END-- [ RunTime:0.000725s ]
INFO: [ app_begin ] --START--
INFO: Run Behavior\ReadHtmlCacheBehavior [ RunTime:0.001012s ]
INFO: [ app_begin ] --END-- [ RunTime:0.001191s ]
SQL: show tables [ RunTime:0.0008s ]
SQL: SHOW COLUMNS FROM grade201611 [ RunTime:0.0053s ]
SQL: SELECT *FROM grade201611 [ RunTime:0.0004s ]
SQL: SELECT *FROM stu [ RunTime:0.0002s ]
SQL: SELECT count(*) FROM stu [ RunTime:0.0002s ]
SQL: SHOW COLUMNS FROM grade201711 [ RunTime:0.0043s ]
SQL: SELECT *FROM grade201711 [ RunTime:0.0003s ]
SQL: SELECT *FROM stu [ RunTime:0.0002s ]
SQL: SELECT count(*) FROM stu [ RunTime:0.0002s ]
INFO: [ view_parse ] --START--
INFO: [ template_filter ] --START--
INFO: Run Behavior\ContentReplaceBehavior [ RunTime:0.000108s ]
INFO: [ template_filter ] --END-- [ RunTime:0.000282s ]
NOTIC: [8] Undefined variable: sign3 D:\wamp\www\gradem\Application\Runtime\Cache\Home\2f776ce711082c7ddb105e1aedca79e2.php 第 33 行.
INFO: Run Behavior\ParseTemplateBehavior [ RunTime:0.010505s ]
INFO: [ view_parse ] --END-- [ RunTime:0.010611s ]
INFO: [ view_filter ] --START--
INFO: Run Behavior\WriteHtmlCacheBehavior [ RunTime:0.000500s ]
INFO: [ view_filter ] --END-- [ RunTime:0.000595s ]
INFO: [ app_end ] --START--
INFO: Run Behavior\ShowPageTraceBehavior [ RunTime:0.000861s ]
INFO: [ app_end ] --END-- [ RunTime:0.000977s ]

[ 2018-06-06T17:22:19+08:00 ] ::1 /gradem/home/teacher/cha?sid=2017330&gid=grade201611
INFO: [ app_init ] --START--
INFO: Run Behavior\BuildLiteBehavior [ RunTime:0.000028s ]
INFO: [ app_init ] --END-- [ RunTime:0.000597s ]
INFO: [ app_begin ] --START--
INFO: Run Behavior\ReadHtmlCacheBehavior [ RunTime:0.000769s ]
INFO: [ app_begin ] --END-- [ RunTime:0.000887s ]
SQL: SHOW COLUMNS FROM grade201611 [ RunTime:0.0047s ]
SQL: select *from grade201611 where sid = 2017330 [ RunTime:0.0003s ]
SQL: select *from stu where sid=2017330 [ RunTime:0.0003s ]
INFO: [ view_parse ] --START--
INFO: [ template_filter ] --START--
INFO: Run Behavior\ContentReplaceBehavior [ RunTime:0.000058s ]
INFO: [ template_filter ] --END-- [ RunTime:0.000158s ]
INFO: Run Behavior\ParseTemplateBehavior [ RunTime:0.005736s ]
INFO: [ view_parse ] --END-- [ RunTime:0.005868s ]
INFO: [ view_filter ] --START--
INFO: Run Behavior\WriteHtmlCacheBehavior [ RunTime:0.001410s ]
INFO: [ view_filter ] --END-- [ RunTime:0.001522s ]
INFO: [ app_end ] --START--
INFO: Run Behavior\ShowPageTraceBehavior [ RunTime:0.000676s ]
INFO: [ app_end ] --END-- [ RunTime:0.000770s ]

[ 2018-06-06T17:22:23+08:00 ] ::1 /gradem/home/teacher/shen?sid=2017330&gid=grade201611
INFO: [ app_init ] --START--
INFO: Run Behavior\BuildLiteBehavior [ RunTime:0.000023s ]
INFO: [ app_init ] --END-- [ RunTime:0.000435s ]
INFO: [ app_begin ] --START--
INFO: Run Behavior\ReadHtmlCacheBehavior [ RunTime:0.000621s ]
INFO: [ app_begin ] --END-- [ RunTime:0.000720s ]
INFO: [ app_end ] --START--
INFO: Run Behavior\ShowPageTraceBehavior [ RunTime:0.000629s ]
INFO: [ app_end ] --END-- [ RunTime:0.000725s ]

[ 2018-06-06T17:23:28+08:00 ] ::1 /gradem/home/teacher/delete?biao=grade201711
INFO: [ app_init ] --START--
INFO: Run Behavior\BuildLiteBehavior [ RunTime:0.000043s ]
INFO: [ app_init ] --END-- [ RunTime:0.000941s ]
INFO: [ app_begin ] --START--
INFO: Run Behavior\ReadHtmlCacheBehavior [ RunTime:0.001201s ]
INFO: [ app_begin ] --END-- [ RunTime:0.001390s ]
SQL: delete from grade201711 where sid=2017332 [ RunTime:0.0795s ]
INFO: [ view_parse ] --START--
INFO: [ template_filter ] --START--
INFO: Run Behavior\ContentReplaceBehavior [ RunTime:0.000223s ]
INFO: [ template_filter ] --END-- [ RunTime:0.000611s ]
INFO: Run Behavior\ParseTemplateBehavior [ RunTime:0.023388s ]
INFO: [ view_parse ] --END-- [ RunTime:0.023794s ]
INFO: [ view_filter ] --START--
INFO: Run Behavior\WriteHtmlCacheBehavior [ RunTime:0.001886s ]
INFO: [ view_filter ] --END-- [ RunTime:0.002247s ]
INFO: [ app_end ] --START--
INFO: Run Behavior\ShowPageTraceBehavior [ RunTime:0.002070s ]
INFO: [ app_end ] --END-- [ RunTime:0.002662s ]

[ 2018-06-06T17:23:29+08:00 ] ::1 /gradem/home/teacher/index
INFO: [ app_init ] --START--
INFO: Run Behavior\BuildLiteBehavior [ RunTime:0.000040s ]
INFO: [ app_init ] --END-- [ RunTime:0.000878s ]
INFO: [ app_begin ] --START--
INFO: Run Behavior\ReadHtmlCacheBehavior [ RunTime:0.001221s ]
INFO: [ app_begin ] --END-- [ RunTime:0.001414s ]
SQL: show tables [ RunTime:0.0011s ]
SQL: SHOW COLUMNS FROM grade201611 [ RunTime:0.0242s ]
SQL: SELECT *FROM grade201611 [ RunTime:0.0003s ]
SQL: SELECT *FROM stu [ RunTime:0.0002s ]
SQL: SELECT count(*) FROM stu [ RunTime:0.0002s ]
SQL: SHOW COLUMNS FROM grade201711 [ RunTime:0.0050s ]
SQL: SELECT *FROM grade201711 [ RunTime:0.0004s ]
SQL: SELECT *FROM stu [ RunTime:0.0003s ]
SQL: SELECT count(*) FROM stu [ RunTime:0.0003s ]
INFO: [ view_parse ] --START--
INFO: [ template_filter ] --START--
INFO: Run Behavior\ContentReplaceBehavior [ RunTime:0.000108s ]
INFO: [ template_filter ] --END-- [ RunTime:0.000282s ]
NOTIC: [8] Undefined variable: sign3 D:\wamp\www\gradem\Application\Runtime\Cache\Home\2f776ce711082c7ddb105e1aedca79e2.php 第 33 行.
INFO: Run Behavior\ParseTemplateBehavior [ RunTime:0.013438s ]
INFO: [ view_parse ] --END-- [ RunTime:0.013570s ]
INFO: [ view_filter ] --START--
INFO: Run Behavior\WriteHtmlCacheBehavior [ RunTime:0.000463s ]
INFO: [ view_filter ] --END-- [ RunTime:0.000564s ]
INFO: [ app_end ] --START--
INFO: Run Behavior\ShowPageTraceBehavior [ RunTime:0.000587s ]
INFO: [ app_end ] --END-- [ RunTime:0.000676s ]

[ 2018-06-06T17:23:41+08:00 ] ::1 /gradem/home/teacher/add?biao=grade201611
INFO: [ app_init ] --START--
INFO: Run Behavior\BuildLiteBehavior [ RunTime:0.000023s ]
INFO: [ app_init ] --END-- [ RunTime:0.000540s ]
INFO: [ app_begin ] --START--
INFO: Run Behavior\ReadHtmlCacheBehavior [ RunTime:0.000699s ]
INFO: [ app_begin ] --END-- [ RunTime:0.000796s ]
SQL: insert into grade201611 (sid) values(2017334) [ RunTime:0.0685s ]
SQL: insert into grade201611 (sid) values(2017335) [ RunTime:0.0557s ]
SQL: insert into grade201611 (sid) values(2017344) [ RunTime:0.0447s ]
INFO: [ view_parse ] --START--
INFO: [ template_filter ] --START--
INFO: Run Behavior\ContentReplaceBehavior [ RunTime:0.000225s ]
INFO: [ template_filter ] --END-- [ RunTime:0.000622s ]
INFO: Run Behavior\ParseTemplateBehavior [ RunTime:0.022173s ]
INFO: [ view_parse ] --END-- [ RunTime:0.022572s ]
INFO: [ view_filter ] --START--
INFO: Run Behavior\WriteHtmlCacheBehavior [ RunTime:0.001882s ]
INFO: [ view_filter ] --END-- [ RunTime:0.002247s ]
INFO: [ app_end ] --START--
INFO: Run Behavior\ShowPageTraceBehavior [ RunTime:0.002642s ]
INFO: [ app_end ] --END-- [ RunTime:0.003032s ]

[ 2018-06-06T17:23:42+08:00 ] ::1 /gradem/home/teacher/index
INFO: [ app_init ] --START--
INFO: Run Behavior\BuildLiteBehavior [ RunTime:0.000024s ]
INFO: [ app_init ] --END-- [ RunTime:0.000530s ]
INFO: [ app_begin ] --START--
INFO: Run Behavior\ReadHtmlCacheBehavior [ RunTime:0.000652s ]
INFO: [ app_begin ] --END-- [ RunTime:0.000748s ]
SQL: show tables [ RunTime:0.0007s ]
SQL: SHOW COLUMNS FROM grade201611 [ RunTime:0.0056s ]
SQL: SELECT *FROM grade201611 [ RunTime:0.0003s ]
SQL: SELECT *FROM stu [ RunTime:0.0002s ]
SQL: SELECT count(*) FROM stu [ RunTime:0.0002s ]
SQL: SHOW COLUMNS FROM grade201711 [ RunTime:0.0043s ]
SQL: SELECT *FROM grade201711 [ RunTime:0.0003s ]
SQL: SELECT *FROM stu [ RunTime:0.0002s ]
SQL: SELECT count(*) FROM stu [ RunTime:0.0002s ]
INFO: [ view_parse ] --START--
INFO: [ template_filter ] --START--
INFO: Run Behavior\ContentReplaceBehavior [ RunTime:0.000069s ]
INFO: [ template_filter ] --END-- [ RunTime:0.000180s ]
NOTIC: [8] Undefined index: n D:\wamp\www\gradem\Application\Runtime\Cache\Home\2f776ce711082c7ddb105e1aedca79e2.php 第 32 行.
NOTIC: [2] Invalid argument supplied for foreach() D:\wamp\www\gradem\Application\Runtime\Cache\Home\2f776ce711082c7ddb105e1aedca79e2.php 第 32 行.
NOTIC: [8] Undefined variable: sign3 D:\wamp\www\gradem\Application\Runtime\Cache\Home\2f776ce711082c7ddb105e1aedca79e2.php 第 33 行.
INFO: Run Behavior\ParseTemplateBehavior [ RunTime:0.012861s ]
INFO: [ view_parse ] --END-- [ RunTime:0.012998s ]
INFO: [ view_filter ] --START--
INFO: Run Behavior\WriteHtmlCacheBehavior [ RunTime:0.000487s ]
INFO: [ view_filter ] --END-- [ RunTime:0.000579s ]
INFO: [ app_end ] --START--
INFO: Run Behavior\ShowPageTraceBehavior [ RunTime:0.000616s ]
INFO: [ app_end ] --END-- [ RunTime:0.000711s ]

[ 2018-06-06T17:23:54+08:00 ] ::1 /gradem/home/teacher/delete?biao=grade201611
INFO: [ app_init ] --START--
INFO: Run Behavior\BuildLiteBehavior [ RunTime:0.000028s ]
INFO: [ app_init ] --END-- [ RunTime:0.000546s ]
INFO: [ app_begin ] --START--
INFO: Run Behavior\ReadHtmlCacheBehavior [ RunTime:0.000679s ]
INFO: [ app_begin ] --END-- [ RunTime:0.000800s ]
SQL: delete from grade201611 where sid=2017335 [ RunTime:0.0470s ]
SQL: delete from grade201611 where sid=2017344 [ RunTime:0.0883s ]
INFO: [ view_parse ] --START--
INFO: [ template_filter ] --START--
INFO: Run Behavior\ContentReplaceBehavior [ RunTime:0.000214s ]
INFO: [ template_filter ] --END-- [ RunTime:0.000597s ]
INFO: Run Behavior\ParseTemplateBehavior [ RunTime:0.022460s ]
INFO: [ view_parse ] --END-- [ RunTime:0.022907s ]
INFO: [ view_filter ] --START--
INFO: Run Behavior\WriteHtmlCacheBehavior [ RunTime:0.001960s ]
INFO: [ view_filter ] --END-- [ RunTime:0.002333s ]
INFO: [ app_end ] --START--
INFO: Run Behavior\ShowPageTraceBehavior [ RunTime:0.002498s ]
INFO: [ app_end ] --END-- [ RunTime:0.002868s ]

[ 2018-06-06T17:23:56+08:00 ] ::1 /gradem/home/teacher/index
INFO: [ app_init ] --START--
INFO: Run Behavior\BuildLiteBehavior [ RunTime:0.000035s ]
INFO: [ app_init ] --END-- [ RunTime:0.000521s ]
INFO: [ app_begin ] --START--
INFO: Run Behavior\ReadHtmlCacheBehavior [ RunTime:0.000629s ]
INFO: [ app_begin ] --END-- [ RunTime:0.000733s ]
SQL: show tables [ RunTime:0.0007s ]
SQL: SHOW COLUMNS FROM grade201611 [ RunTime:0.0231s ]
SQL: SELECT *FROM grade201611 [ RunTime:0.0003s ]
SQL: SELECT *FROM stu [ RunTime:0.0002s ]
SQL: SELECT count(*) FROM stu [ RunTime:0.0002s ]
SQL: SHOW COLUMNS FROM grade201711 [ RunTime:0.0044s ]
SQL: SELECT *FROM grade201711 [ RunTime:0.0003s ]
SQL: SELECT *FROM stu [ RunTime:0.0002s ]
SQL: SELECT count(*) FROM stu [ RunTime:0.0002s ]
INFO: [ view_parse ] --START--
INFO: [ template_filter ] --START--
INFO: Run Behavior\ContentReplaceBehavior [ RunTime:0.000115s ]
INFO: [ template_filter ] --END-- [ RunTime:0.000305s ]
NOTIC: [8] Undefined variable: sign3 D:\wamp\www\gradem\Application\Runtime\Cache\Home\2f776ce711082c7ddb105e1aedca79e2.php 第 33 行.
INFO: Run Behavior\ParseTemplateBehavior [ RunTime:0.011453s ]
INFO: [ view_parse ] --END-- [ RunTime:0.011603s ]
INFO: [ view_filter ] --START--
INFO: Run Behavior\WriteHtmlCacheBehavior [ RunTime:0.000613s ]
INFO: [ view_filter ] --END-- [ RunTime:0.000826s ]
INFO: [ app_end ] --START--
INFO: Run Behavior\ShowPageTraceBehavior [ RunTime:0.000688s ]
INFO: [ app_end ] --END-- [ RunTime:0.000790s ]

[ 2018-06-06T17:24:02+08:00 ] ::1 /gradem/home/teacher/add?biao=grade201611
INFO: [ app_init ] --START--
INFO: Run Behavior\BuildLiteBehavior [ RunTime:0.000025s ]
INFO: [ app_init ] --END-- [ RunTime:0.000569s ]
INFO: [ app_begin ] --START--
INFO: Run Behavior\ReadHtmlCacheBehavior [ RunTime:0.000683s ]
INFO: [ app_begin ] --END-- [ RunTime:0.000780s ]
SQL: insert into grade201611 (sid) values(2017335) [ RunTime:0.0778s ]
INFO: [ view_parse ] --START--
INFO: [ template_filter ] --START--
INFO: Run Behavior\ContentReplaceBehavior [ RunTime:0.000221s ]
INFO: [ template_filter ] --END-- [ RunTime:0.000615s ]
INFO: Run Behavior\ParseTemplateBehavior [ RunTime:0.022417s ]
INFO: [ view_parse ] --END-- [ RunTime:0.023037s ]
INFO: [ view_filter ] --START--
INFO: Run Behavior\WriteHtmlCacheBehavior [ RunTime:0.002579s ]
INFO: [ view_filter ] --END-- [ RunTime:0.002986s ]
INFO: [ app_end ] --START--
INFO: Run Behavior\ShowPageTraceBehavior [ RunTime:0.001491s ]
INFO: [ app_end ] --END-- [ RunTime:0.001710s ]

[ 2018-06-06T17:24:03+08:00 ] ::1 /gradem/home/teacher/index
INFO: [ app_init ] --START--
INFO: Run Behavior\BuildLiteBehavior [ RunTime:0.000028s ]
INFO: [ app_init ] --END-- [ RunTime:0.000913s ]
INFO: [ app_begin ] --START--
INFO: Run Behavior\ReadHtmlCacheBehavior [ RunTime:0.000648s ]
INFO: [ app_begin ] --END-- [ RunTime:0.000758s ]
SQL: show tables [ RunTime:0.0006s ]
SQL: SHOW COLUMNS FROM grade201611 [ RunTime:0.0052s ]
SQL: SELECT *FROM grade201611 [ RunTime:0.0003s ]
SQL: SELECT *FROM stu [ RunTime:0.0002s ]
SQL: SELECT count(*) FROM stu [ RunTime:0.0002s ]
SQL: SHOW COLUMNS FROM grade201711 [ RunTime:0.0057s ]
SQL: SELECT *FROM grade201711 [ RunTime:0.0004s ]
SQL: SELECT *FROM stu [ RunTime:0.0003s ]
SQL: SELECT count(*) FROM stu [ RunTime:0.0003s ]
INFO: [ view_parse ] --START--
INFO: [ template_filter ] --START--
INFO: Run Behavior\ContentReplaceBehavior [ RunTime:0.000068s ]
INFO: [ template_filter ] --END-- [ RunTime:0.000178s ]
NOTIC: [8] Undefined variable: sign3 D:\wamp\www\gradem\Application\Runtime\Cache\Home\2f776ce711082c7ddb105e1aedca79e2.php 第 33 行.
INFO: Run Behavior\ParseTemplateBehavior [ RunTime:0.011954s ]
INFO: [ view_parse ] --END-- [ RunTime:0.012115s ]
INFO: [ view_filter ] --START--
INFO: Run Behavior\WriteHtmlCacheBehavior [ RunTime:0.000495s ]
INFO: [ view_filter ] --END-- [ RunTime:0.000616s ]
INFO: [ app_end ] --START--
INFO: Run Behavior\ShowPageTraceBehavior [ RunTime:0.000857s ]
INFO: [ app_end ] --END-- [ RunTime:0.000993s ]

[ 2018-06-06T17:24:08+08:00 ] ::1 /gradem/home/teacher/index
INFO: [ app_init ] --START--
INFO: Run Behavior\BuildLiteBehavior [ RunTime:0.000039s ]
INFO: [ app_init ] --END-- [ RunTime:0.000868s ]
INFO: [ app_begin ] --START--
INFO: Run Behavior\ReadHtmlCacheBehavior [ RunTime:0.001148s ]
INFO: [ app_begin ] --END-- [ RunTime:0.001329s ]
SQL: show tables [ RunTime:0.0006s ]
SQL: SHOW COLUMNS FROM grade201611 [ RunTime:0.0048s ]
SQL: SELECT *FROM grade201611 [ RunTime:0.0003s ]
SQL: SELECT *FROM stu [ RunTime:0.0002s ]
SQL: SELECT count(*) FROM stu [ RunTime:0.0002s ]
SQL: SHOW COLUMNS FROM grade201711 [ RunTime:0.0045s ]
SQL: SELECT *FROM grade201711 [ RunTime:0.0003s ]
SQL: SELECT *FROM stu [ RunTime:0.0002s ]
SQL: SELECT count(*) FROM stu [ RunTime:0.0002s ]
INFO: [ view_parse ] --START--
INFO: [ template_filter ] --START--
INFO: Run Behavior\ContentReplaceBehavior [ RunTime:0.000064s ]
INFO: [ template_filter ] --END-- [ RunTime:0.000162s ]
NOTIC: [8] Undefined variable: sign3 D:\wamp\www\gradem\Application\Runtime\Cache\Home\2f776ce711082c7ddb105e1aedca79e2.php 第 33 行.
INFO: Run Behavior\ParseTemplateBehavior [ RunTime:0.009875s ]
INFO: [ view_parse ] --END-- [ RunTime:0.009980s ]
INFO: [ view_filter ] --START--
INFO: Run Behavior\WriteHtmlCacheBehavior [ RunTime:0.000530s ]
INFO: [ view_filter ] --END-- [ RunTime:0.000657s ]
INFO: [ app_end ] --START--
INFO: Run Behavior\ShowPageTraceBehavior [ RunTime:0.000589s ]
INFO: [ app_end ] --END-- [ RunTime:0.000676s ]

[ 2018-06-06T17:24:28+08:00 ] ::1 /gradem/home/teacher/delete?biao=grade201611
INFO: [ app_init ] --START--
INFO: Run Behavior\BuildLiteBehavior [ RunTime:0.000027s ]
INFO: [ app_init ] --END-- [ RunTime:0.000621s ]
INFO: [ app_begin ] --START--
INFO: Run Behavior\ReadHtmlCacheBehavior [ RunTime:0.001362s ]
INFO: [ app_begin ] --END-- [ RunTime:0.001649s ]
SQL: delete from grade201611 where sid=2017334 [ RunTime:0.0569s ]
SQL: delete from grade201611 where sid=2017335 [ RunTime:0.0445s ]
INFO: [ view_parse ] --START--
INFO: [ template_filter ] --START--
INFO: Run Behavior\ContentReplaceBehavior [ RunTime:0.000161s ]
INFO: [ template_filter ] --END-- [ RunTime:0.000462s ]
INFO: Run Behavior\ParseTemplateBehavior [ RunTime:0.019526s ]
INFO: [ view_parse ] --END-- [ RunTime:0.019858s ]
INFO: [ view_filter ] --START--
INFO: Run Behavior\WriteHtmlCacheBehavior [ RunTime:0.001163s ]
INFO: [ view_filter ] --END-- [ RunTime:0.001373s ]
INFO: [ app_end ] --START--
INFO: Run Behavior\ShowPageTraceBehavior [ RunTime:0.001490s ]
INFO: [ app_end ] --END-- [ RunTime:0.001701s ]

[ 2018-06-06T17:24:29+08:00 ] ::1 /gradem/home/teacher/index
INFO: [ app_init ] --START--
INFO: Run Behavior\BuildLiteBehavior [ RunTime:0.000072s ]
INFO: [ app_init ] --END-- [ RunTime:0.001391s ]
INFO: [ app_begin ] --START--
INFO: Run Behavior\ReadHtmlCacheBehavior [ RunTime:0.001563s ]
INFO: [ app_begin ] --END-- [ RunTime:0.001843s ]
SQL: show tables [ RunTime:0.0008s ]
SQL: SHOW COLUMNS FROM grade201611 [ RunTime:0.0061s ]
SQL: SELECT *FROM grade201611 [ RunTime:0.0004s ]
SQL: SELECT *FROM stu [ RunTime:0.0003s ]
SQL: SELECT count(*) FROM stu [ RunTime:0.0003s ]
SQL: SHOW COLUMNS FROM grade201711 [ RunTime:0.0052s ]
SQL: SELECT *FROM grade201711 [ RunTime:0.0003s ]
SQL: SELECT *FROM stu [ RunTime:0.0003s ]
SQL: SELECT count(*) FROM stu [ RunTime:0.0002s ]
INFO: [ view_parse ] --START--
INFO: [ template_filter ] --START--
INFO: Run Behavior\ContentReplaceBehavior [ RunTime:0.000110s ]
INFO: [ template_filter ] --END-- [ RunTime:0.000295s ]
NOTIC: [8] Undefined variable: sign3 D:\wamp\www\gradem\Application\Runtime\Cache\Home\2f776ce711082c7ddb105e1aedca79e2.php 第 33 行.
INFO: Run Behavior\ParseTemplateBehavior [ RunTime:0.014410s ]
INFO: [ view_parse ] --END-- [ RunTime:0.014514s ]
INFO: [ view_filter ] --START--
INFO: Run Behavior\WriteHtmlCacheBehavior [ RunTime:0.000536s ]
INFO: [ view_filter ] --END-- [ RunTime:0.000630s ]
INFO: [ app_end ] --START--
INFO: Run Behavior\ShowPageTraceBehavior [ RunTime:0.000668s ]
INFO: [ app_end ] --END-- [ RunTime:0.000764s ]

[ 2018-06-06T17:24:37+08:00 ] ::1 /gradem/home/teacher/index
INFO: [ app_init ] --START--
INFO: Run Behavior\BuildLiteBehavior [ RunTime:0.000026s ]
INFO: [ app_init ] --END-- [ RunTime:0.000599s ]
INFO: [ app_begin ] --START--
INFO: Run Behavior\ReadHtmlCacheBehavior [ RunTime:0.000698s ]
INFO: [ app_begin ] --END-- [ RunTime:0.000795s ]
SQL: show tables [ RunTime:0.0009s ]
SQL: SHOW COLUMNS FROM grade201611 [ RunTime:0.0058s ]
SQL: SELECT *FROM grade201611 [ RunTime:0.0003s ]
SQL: SELECT *FROM stu [ RunTime:0.0002s ]
SQL: SELECT count(*) FROM stu [ RunTime:0.0002s ]
SQL: SHOW COLUMNS FROM grade201711 [ RunTime:0.0050s ]
SQL: SELECT *FROM grade201711 [ RunTime:0.0004s ]
SQL: SELECT *FROM stu [ RunTime:0.0003s ]
SQL: SELECT count(*) FROM stu [ RunTime:0.0003s ]
INFO: [ view_parse ] --START--
INFO: [ template_filter ] --START--
INFO: Run Behavior\ContentReplaceBehavior [ RunTime:0.000067s ]
INFO: [ template_filter ] --END-- [ RunTime:0.000178s ]
NOTIC: [8] Undefined variable: sign3 D:\wamp\www\gradem\Application\Runtime\Cache\Home\2f776ce711082c7ddb105e1aedca79e2.php 第 33 行.
INFO: Run Behavior\ParseTemplateBehavior [ RunTime:0.011084s ]
INFO: [ view_parse ] --END-- [ RunTime:0.011185s ]
INFO: [ view_filter ] --START--
INFO: Run Behavior\WriteHtmlCacheBehavior [ RunTime:0.000552s ]
INFO: [ view_filter ] --END-- [ RunTime:0.000640s ]
INFO: [ app_end ] --START--
INFO: Run Behavior\ShowPageTraceBehavior [ RunTime:0.000674s ]
INFO: [ app_end ] --END-- [ RunTime:0.000763s ]

[ 2018-06-06T17:25:32+08:00 ] ::1 /gradem/home/teacher/index
INFO: [ app_init ] --START--
INFO: Run Behavior\BuildLiteBehavior [ RunTime:0.000027s ]
INFO: [ app_init ] --END-- [ RunTime:0.000563s ]
INFO: [ app_begin ] --START--
INFO: Run Behavior\ReadHtmlCacheBehavior [ RunTime:0.001099s ]
INFO: [ app_begin ] --END-- [ RunTime:0.001242s ]
SQL: show tables [ RunTime:0.0006s ]
SQL: SHOW COLUMNS FROM grade201611 [ RunTime:0.0211s ]
SQL: SELECT *FROM grade201611 [ RunTime:0.0003s ]
SQL: SELECT *FROM stu [ RunTime:0.0002s ]
SQL: SELECT count(*) FROM stu [ RunTime:0.0002s ]
SQL: SHOW COLUMNS FROM grade201711 [ RunTime:0.0042s ]
SQL: SELECT *FROM grade201711 [ RunTime:0.0003s ]
SQL: SELECT *FROM stu [ RunTime:0.0002s ]
SQL: SELECT count(*) FROM stu [ RunTime:0.0002s ]
INFO: [ view_parse ] --START--
INFO: [ template_filter ] --START--
INFO: Run Behavior\ContentReplaceBehavior [ RunTime:0.000064s ]
INFO: [ template_filter ] --END-- [ RunTime:0.000165s ]
NOTIC: [8] Undefined variable: sign3 D:\wamp\www\gradem\Application\Runtime\Cache\Home\2f776ce711082c7ddb105e1aedca79e2.php 第 33 行.
INFO: Run Behavior\ParseTemplateBehavior [ RunTime:0.010152s ]
INFO: [ view_parse ] --END-- [ RunTime:0.010258s ]
INFO: [ view_filter ] --START--
INFO: Run Behavior\WriteHtmlCacheBehavior [ RunTime:0.000585s ]
INFO: [ view_filter ] --END-- [ RunTime:0.000672s ]
INFO: [ app_end ] --START--
INFO: Run Behavior\ShowPageTraceBehavior [ RunTime:0.000699s ]
INFO: [ app_end ] --END-- [ RunTime:0.000787s ]

[ 2018-06-06T17:28:07+08:00 ] ::1 /gradem/home/teacher/index
INFO: [ app_init ] --START--
INFO: Run Behavior\BuildLiteBehavior [ RunTime:0.000028s ]
INFO: [ app_init ] --END-- [ RunTime:0.000652s ]
INFO: [ app_begin ] --START--
INFO: Run Behavior\ReadHtmlCacheBehavior [ RunTime:0.000778s ]
INFO: [ app_begin ] --END-- [ RunTime:0.000919s ]
SQL: show tables [ RunTime:0.0006s ]
SQL: SHOW COLUMNS FROM grade201611 [ RunTime:0.0058s ]
SQL: SELECT *FROM grade201611 [ RunTime:0.0003s ]
SQL: SELECT *FROM stu [ RunTime:0.0002s ]
SQL: SELECT count(*) FROM stu [ RunTime:0.0002s ]
SQL: SHOW COLUMNS FROM grade201711 [ RunTime:0.0048s ]
SQL: SELECT *FROM grade201711 [ RunTime:0.0003s ]
SQL: SELECT *FROM stu [ RunTime:0.0002s ]
SQL: SELECT count(*) FROM stu [ RunTime:0.0002s ]
SQL: SHOW COLUMNS FROM grade201911 [ RunTime:0.0553s ]
SQL: SELECT *FROM grade201911 [ RunTime:0.0010s ]
SQL: SELECT *FROM stu [ RunTime:0.0008s ]
SQL: SELECT count(*) FROM stu [ RunTime:0.0007s ]
INFO: [ view_parse ] --START--
INFO: [ template_filter ] --START--
INFO: Run Behavior\ContentReplaceBehavior [ RunTime:0.000144s ]
INFO: [ template_filter ] --END-- [ RunTime:0.000368s ]
NOTIC: [8] Undefined index: y D:\wamp\www\gradem\Application\Runtime\Cache\Home\2f776ce711082c7ddb105e1aedca79e2.php 第 32 行.
NOTIC: [2] Invalid argument supplied for foreach() D:\wamp\www\gradem\Application\Runtime\Cache\Home\2f776ce711082c7ddb105e1aedca79e2.php 第 32 行.
NOTIC: [8] Undefined variable: sign3 D:\wamp\www\gradem\Application\Runtime\Cache\Home\2f776ce711082c7ddb105e1aedca79e2.php 第 33 行.
INFO: Run Behavior\ParseTemplateBehavior [ RunTime:0.026521s ]
INFO: [ view_parse ] --END-- [ RunTime:0.026988s ]
INFO: [ view_filter ] --START--
INFO: Run Behavior\WriteHtmlCacheBehavior [ RunTime:0.001696s ]
INFO: [ view_filter ] --END-- [ RunTime:0.002038s ]
INFO: [ app_end ] --START--
INFO: Run Behavior\ShowPageTraceBehavior [ RunTime:0.001606s ]
INFO: [ app_end ] --END-- [ RunTime:0.001899s ]

[ 2018-06-06T17:28:40+08:00 ] ::1 /gradem/home/teacher/index
INFO: [ app_init ] --START--
INFO: Run Behavior\BuildLiteBehavior [ RunTime:0.000024s ]
INFO: [ app_init ] --END-- [ RunTime:0.000570s ]
INFO: [ app_begin ] --START--
INFO: Run Behavior\ReadHtmlCacheBehavior [ RunTime:0.000675s ]
INFO: [ app_begin ] --END-- [ RunTime:0.000772s ]
SQL: show tables [ RunTime:0.0006s ]
SQL: SHOW COLUMNS FROM grade201611 [ RunTime:0.0209s ]
SQL: SELECT *FROM grade201611 [ RunTime:0.0003s ]
SQL: SELECT *FROM stu [ RunTime:0.0002s ]
SQL: SELECT count(*) FROM stu [ RunTime:0.0002s ]
SQL: SHOW COLUMNS FROM grade201711 [ RunTime:0.0047s ]
SQL: SELECT *FROM grade201711 [ RunTime:0.0003s ]
SQL: SELECT *FROM stu [ RunTime:0.0002s ]
SQL: SELECT count(*) FROM stu [ RunTime:0.0002s ]
SQL: SHOW COLUMNS FROM grade201911 [ RunTime:0.0041s ]
SQL: SELECT *FROM grade201911 [ RunTime:0.0003s ]
SQL: SELECT *FROM stu [ RunTime:0.0002s ]
SQL: SELECT count(*) FROM stu [ RunTime:0.0002s ]
INFO: [ view_parse ] --START--
INFO: [ template_filter ] --START--
INFO: Run Behavior\ContentReplaceBehavior [ RunTime:0.000064s ]
INFO: [ template_filter ] --END-- [ RunTime:0.000164s ]
NOTIC: [8] Undefined index: y D:\wamp\www\gradem\Application\Runtime\Cache\Home\2f776ce711082c7ddb105e1aedca79e2.php 第 32 行.
NOTIC: [2] Invalid argument supplied for foreach() D:\wamp\www\gradem\Application\Runtime\Cache\Home\2f776ce711082c7ddb105e1aedca79e2.php 第 32 行.
NOTIC: [8] Undefined variable: sign3 D:\wamp\www\gradem\Application\Runtime\Cache\Home\2f776ce711082c7ddb105e1aedca79e2.php 第 33 行.
INFO: Run Behavior\ParseTemplateBehavior [ RunTime:0.011197s ]
INFO: [ view_parse ] --END-- [ RunTime:0.011300s ]
INFO: [ view_filter ] --START--
INFO: Run Behavior\WriteHtmlCacheBehavior [ RunTime:0.000551s ]
INFO: [ view_filter ] --END-- [ RunTime:0.000637s ]
INFO: [ app_end ] --START--
INFO: Run Behavior\ShowPageTraceBehavior [ RunTime:0.000728s ]
INFO: [ app_end ] --END-- [ RunTime:0.000853s ]

[ 2018-06-06T17:35:17+08:00 ] ::1 /gradem/home/teacher/index
INFO: [ app_init ] --START--
INFO: Run Behavior\BuildLiteBehavior [ RunTime:0.000047s ]
INFO: [ app_init ] --END-- [ RunTime:0.000830s ]
INFO: [ app_begin ] --START--
INFO: Run Behavior\ReadHtmlCacheBehavior [ RunTime:0.001009s ]
INFO: [ app_begin ] --END-- [ RunTime:0.001184s ]
SQL: show tables [ RunTime:0.0008s ]
SQL: SHOW COLUMNS FROM grade201611 [ RunTime:0.0060s ]
SQL: SELECT *FROM grade201611 [ RunTime:0.0004s ]
SQL: SELECT *FROM stu [ RunTime:0.0003s ]
SQL: SELECT count(*) FROM stu [ RunTime:0.0003s ]
SQL: SHOW COLUMNS FROM grade201711 [ RunTime:0.0092s ]
SQL: SELECT *FROM grade201711 [ RunTime:0.0003s ]
SQL: SELECT *FROM stu [ RunTime:0.0002s ]
SQL: SELECT count(*) FROM stu [ RunTime:0.0002s ]
SQL: SHOW COLUMNS FROM grade201911 [ RunTime:0.0049s ]
SQL: SELECT *FROM grade201911 [ RunTime:0.0003s ]
SQL: SELECT *FROM stu [ RunTime:0.0002s ]
SQL: SELECT count(*) FROM stu [ RunTime:0.0002s ]
INFO: [ view_parse ] --START--
INFO: [ template_filter ] --START--
INFO: Run Behavior\ContentReplaceBehavior [ RunTime:0.000067s ]
INFO: [ template_filter ] --END-- [ RunTime:0.000163s ]
NOTIC: [8] Undefined index: y D:\wamp\www\gradem\Application\Runtime\Cache\Home\2f776ce711082c7ddb105e1aedca79e2.php 第 32 行.
NOTIC: [2] Invalid argument supplied for foreach() D:\wamp\www\gradem\Application\Runtime\Cache\Home\2f776ce711082c7ddb105e1aedca79e2.php 第 32 行.
NOTIC: [8] Undefined variable: sign3 D:\wamp\www\gradem\Application\Runtime\Cache\Home\2f776ce711082c7ddb105e1aedca79e2.php 第 33 行.
INFO: Run Behavior\ParseTemplateBehavior [ RunTime:0.011494s ]
INFO: [ view_parse ] --END-- [ RunTime:0.011600s ]
INFO: [ view_filter ] --START--
INFO: Run Behavior\WriteHtmlCacheBehavior [ RunTime:0.000618s ]
INFO: [ view_filter ] --END-- [ RunTime:0.000704s ]
INFO: [ app_end ] --START--
INFO: Run Behavior\ShowPageTraceBehavior [ RunTime:0.000719s ]
INFO: [ app_end ] --END-- [ RunTime:0.000843s ]

[ 2018-06-06T17:36:09+08:00 ] ::1 /gradem/home/teacher/index
INFO: [ app_init ] --START--
INFO: Run Behavior\BuildLiteBehavior [ RunTime:0.000027s ]
INFO: [ app_init ] --END-- [ RunTime:0.000602s ]
INFO: [ app_begin ] --START--
INFO: Run Behavior\ReadHtmlCacheBehavior [ RunTime:0.000787s ]
INFO: [ app_begin ] --END-- [ RunTime:0.000909s ]
SQL: show tables [ RunTime:0.0008s ]
SQL: SHOW COLUMNS FROM grade201611 [ RunTime:0.0048s ]
SQL: SELECT *FROM grade201611 [ RunTime:0.0003s ]
SQL: SELECT *FROM stu [ RunTime:0.0002s ]
SQL: SELECT count(*) FROM stu [ RunTime:0.0002s ]
SQL: SHOW COLUMNS FROM grade201711 [ RunTime:0.0053s ]
SQL: SELECT *FROM grade201711 [ RunTime:0.0003s ]
SQL: SELECT *FROM stu [ RunTime:0.0002s ]
SQL: SELECT count(*) FROM stu [ RunTime:0.0002s ]
SQL: SHOW COLUMNS FROM grade201911 [ RunTime:0.0049s ]
SQL: SELECT *FROM grade201911 [ RunTime:0.0003s ]
SQL: SELECT *FROM stu [ RunTime:0.0002s ]
SQL: SELECT count(*) FROM stu [ RunTime:0.0002s ]
INFO: [ view_parse ] --START--
INFO: [ template_filter ] --START--
INFO: Run Behavior\ContentReplaceBehavior [ RunTime:0.000064s ]
INFO: [ template_filter ] --END-- [ RunTime:0.000165s ]
NOTIC: [8] Undefined index: y D:\wamp\www\gradem\Application\Runtime\Cache\Home\2f776ce711082c7ddb105e1aedca79e2.php 第 32 行.
NOTIC: [2] Invalid argument supplied for foreach() D:\wamp\www\gradem\Application\Runtime\Cache\Home\2f776ce711082c7ddb105e1aedca79e2.php 第 32 行.
NOTIC: [8] Undefined variable: sign3 D:\wamp\www\gradem\Application\Runtime\Cache\Home\2f776ce711082c7ddb105e1aedca79e2.php 第 33 行.
INFO: Run Behavior\ParseTemplateBehavior [ RunTime:0.009671s ]
INFO: [ view_parse ] --END-- [ RunTime:0.009772s ]
INFO: [ view_filter ] --START--
INFO: Run Behavior\WriteHtmlCacheBehavior [ RunTime:0.000598s ]
INFO: [ view_filter ] --END-- [ RunTime:0.000685s ]
INFO: [ app_end ] --START--
INFO: Run Behavior\ShowPageTraceBehavior [ RunTime:0.000657s ]
INFO: [ app_end ] --END-- [ RunTime:0.000746s ]

[ 2018-06-06T17:47:25+08:00 ] ::1 /gradem/home/teacher/index
INFO: [ app_init ] --START--
INFO: Run Behavior\BuildLiteBehavior [ RunTime:0.000024s ]
INFO: [ app_init ] --END-- [ RunTime:0.000546s ]
INFO: [ app_begin ] --START--
INFO: Run Behavior\ReadHtmlCacheBehavior [ RunTime:0.000746s ]
INFO: [ app_begin ] --END-- [ RunTime:0.000847s ]
SQL: show tables [ RunTime:0.0006s ]
SQL: SHOW COLUMNS FROM grade201611 [ RunTime:0.0056s ]
SQL: SELECT *FROM grade201611 [ RunTime:0.0004s ]
SQL: SELECT *FROM stu [ RunTime:0.0003s ]
SQL: SELECT count(*) FROM stu [ RunTime:0.0003s ]
SQL: SHOW COLUMNS FROM grade201711 [ RunTime:0.0054s ]
SQL: SELECT *FROM grade201711 [ RunTime:0.0003s ]
SQL: SELECT *FROM stu [ RunTime:0.0003s ]
SQL: SELECT count(*) FROM stu [ RunTime:0.0002s ]
SQL: SHOW COLUMNS FROM grade201811 [ RunTime:0.0060s ]
SQL: SELECT *FROM grade201811 [ RunTime:0.0003s ]
SQL: SELECT *FROM stu [ RunTime:0.0002s ]
SQL: SELECT count(*) FROM stu [ RunTime:0.0002s ]
SQL: SHOW COLUMNS FROM grade201911 [ RunTime:0.0043s ]
SQL: SELECT *FROM grade201911 [ RunTime:0.0003s ]
SQL: SELECT *FROM stu [ RunTime:0.0002s ]
SQL: SELECT count(*) FROM stu [ RunTime:0.0002s ]
INFO: [ view_parse ] --START--
INFO: [ template_filter ] --START--
INFO: Run Behavior\ContentReplaceBehavior [ RunTime:0.000065s ]
INFO: [ template_filter ] --END-- [ RunTime:0.000165s ]
NOTIC: [8] Undefined index: y D:\wamp\www\gradem\Application\Runtime\Cache\Home\2f776ce711082c7ddb105e1aedca79e2.php 第 32 行.
NOTIC: [2] Invalid argument supplied for foreach() D:\wamp\www\gradem\Application\Runtime\Cache\Home\2f776ce711082c7ddb105e1aedca79e2.php 第 32 行.
NOTIC: [8] Undefined index: y D:\wamp\www\gradem\Application\Runtime\Cache\Home\2f776ce711082c7ddb105e1aedca79e2.php 第 32 行.
NOTIC: [2] Invalid argument supplied for foreach() D:\wamp\www\gradem\Application\Runtime\Cache\Home\2f776ce711082c7ddb105e1aedca79e2.php 第 32 行.
NOTIC: [8] Undefined variable: sign3 D:\wamp\www\gradem\Application\Runtime\Cache\Home\2f776ce711082c7ddb105e1aedca79e2.php 第 33 行.
INFO: Run Behavior\ParseTemplateBehavior [ RunTime:0.010526s ]
INFO: [ view_parse ] --END-- [ RunTime:0.010633s ]
INFO: [ view_filter ] --START--
INFO: Run Behavior\WriteHtmlCacheBehavior [ RunTime:0.000586s ]
INFO: [ view_filter ] --END-- [ RunTime:0.000673s ]
INFO: [ app_end ] --START--
INFO: Run Behavior\ShowPageTraceBehavior [ RunTime:0.000794s ]
INFO: [ app_end ] --END-- [ RunTime:0.000903s ]

[ 2018-06-06T17:56:26+08:00 ] ::1 /gradem/home/teacher/index
INFO: [ app_init ] --START--
INFO: Run Behavior\BuildLiteBehavior [ RunTime:0.000029s ]
INFO: [ app_init ] --END-- [ RunTime:0.000618s ]
INFO: [ app_begin ] --START--
INFO: Run Behavior\ReadHtmlCacheBehavior [ RunTime:0.000765s ]
INFO: [ app_begin ] --END-- [ RunTime:0.000883s ]
SQL: show tables [ RunTime:0.0005s ]
SQL: SHOW COLUMNS FROM grade201611 [ RunTime:0.0047s ]
SQL: SELECT *FROM grade201611 [ RunTime:0.0003s ]
SQL: SELECT *FROM stu [ RunTime:0.0002s ]
SQL: SELECT count(*) FROM stu [ RunTime:0.0002s ]
SQL: SHOW COLUMNS FROM grade201711 [ RunTime:0.0049s ]
SQL: SELECT *FROM grade201711 [ RunTime:0.0003s ]
SQL: SELECT *FROM stu [ RunTime:0.0002s ]
SQL: SELECT count(*) FROM stu [ RunTime:0.0002s ]
SQL: SHOW COLUMNS FROM grade201811 [ RunTime:0.0044s ]
SQL: SELECT *FROM grade201811 [ RunTime:0.0003s ]
SQL: SELECT *FROM stu [ RunTime:0.0003s ]
SQL: SELECT count(*) FROM stu [ RunTime:0.0003s ]
SQL: SHOW COLUMNS FROM grade201911 [ RunTime:0.0043s ]
SQL: SELECT *FROM grade201911 [ RunTime:0.0003s ]
SQL: SELECT *FROM stu [ RunTime:0.0002s ]
SQL: SELECT count(*) FROM stu [ RunTime:0.0002s ]
INFO: [ view_parse ] --START--
INFO: [ template_filter ] --START--
INFO: Run Behavior\ContentReplaceBehavior [ RunTime:0.000066s ]
INFO: [ template_filter ] --END-- [ RunTime:0.000169s ]
NOTIC: [8] Undefined index: y D:\wamp\www\gradem\Application\Runtime\Cache\Home\2f776ce711082c7ddb105e1aedca79e2.php 第 32 行.
NOTIC: [2] Invalid argument supplied for foreach() D:\wamp\www\gradem\Application\Runtime\Cache\Home\2f776ce711082c7ddb105e1aedca79e2.php 第 32 行.
NOTIC: [8] Undefined index: y D:\wamp\www\gradem\Application\Runtime\Cache\Home\2f776ce711082c7ddb105e1aedca79e2.php 第 32 行.
NOTIC: [2] Invalid argument supplied for foreach() D:\wamp\www\gradem\Application\Runtime\Cache\Home\2f776ce711082c7ddb105e1aedca79e2.php 第 32 行.
NOTIC: [8] Undefined variable: sign3 D:\wamp\www\gradem\Application\Runtime\Cache\Home\2f776ce711082c7ddb105e1aedca79e2.php 第 33 行.
INFO: Run Behavior\ParseTemplateBehavior [ RunTime:0.009795s ]
INFO: [ view_parse ] --END-- [ RunTime:0.009905s ]
INFO: [ view_filter ] --START--
INFO: Run Behavior\WriteHtmlCacheBehavior [ RunTime:0.000620s ]
INFO: [ view_filter ] --END-- [ RunTime:0.000716s ]
INFO: [ app_end ] --START--
INFO: Run Behavior\ShowPageTraceBehavior [ RunTime:0.000707s ]
INFO: [ app_end ] --END-- [ RunTime:0.000812s ]

[ 2018-06-06T17:56:29+08:00 ] ::1 /gradem/home/teacher/shen?sid=2017332&gid=grade201611
INFO: [ app_init ] --START--
INFO: Run Behavior\BuildLiteBehavior [ RunTime:0.000054s ]
INFO: [ app_init ] --END-- [ RunTime:0.001115s ]
INFO: [ app_begin ] --START--
INFO: Run Behavior\ReadHtmlCacheBehavior [ RunTime:0.001518s ]
INFO: [ app_begin ] --END-- [ RunTime:0.001760s ]
ERR: 1064:You have an error in your SQL syntax; check the manual that corresponds to your MySQL server version for the right syntax to use near 'updete $xueqi set isxiu = 1 where sid = $sid' at line 1
 [ SQL语句 ] : updete $xueqi set isxiu = 1 where sid = $sid
ERR: 1064:You have an error in your SQL syntax; check the manual that corresponds to your MySQL server version for the right syntax to use near 'updete $xueqi set isxiu = 1 where sid = $sid' at line 1
 [ SQL语句 ] : updete $xueqi set isxiu = 1 where sid = $sid

[ 2018-06-06T17:56:35+08:00 ] ::1 /gradem/home/teacher/shen?sid=2017330&gid=grade201811
INFO: [ app_init ] --START--
INFO: Run Behavior\BuildLiteBehavior [ RunTime:0.000037s ]
INFO: [ app_init ] --END-- [ RunTime:0.000651s ]
INFO: [ app_begin ] --START--
INFO: Run Behavior\ReadHtmlCacheBehavior [ RunTime:0.000786s ]
INFO: [ app_begin ] --END-- [ RunTime:0.000907s ]
ERR: 1064:You have an error in your SQL syntax; check the manual that corresponds to your MySQL server version for the right syntax to use near 'updete $xueqi set isxiu = 1 where sid = $sid' at line 1
 [ SQL语句 ] : updete $xueqi set isxiu = 1 where sid = $sid
ERR: 1064:You have an error in your SQL syntax; check the manual that corresponds to your MySQL server version for the right syntax to use near 'updete $xueqi set isxiu = 1 where sid = $sid' at line 1
 [ SQL语句 ] : updete $xueqi set isxiu = 1 where sid = $sid

[ 2018-06-06T17:56:40+08:00 ] ::1 /gradem/home/teacher/shen?sid=2017330&gid=grade201911
INFO: [ app_init ] --START--
INFO: Run Behavior\BuildLiteBehavior [ RunTime:0.000043s ]
INFO: [ app_init ] --END-- [ RunTime:0.000850s ]
INFO: [ app_begin ] --START--
INFO: Run Behavior\ReadHtmlCacheBehavior [ RunTime:0.000728s ]
INFO: [ app_begin ] --END-- [ RunTime:0.000837s ]
ERR: 1064:You have an error in your SQL syntax; check the manual that corresponds to your MySQL server version for the right syntax to use near 'updete $xueqi set isxiu = 1 where sid = $sid' at line 1
 [ SQL语句 ] : updete $xueqi set isxiu = 1 where sid = $sid
ERR: 1064:You have an error in your SQL syntax; check the manual that corresponds to your MySQL server version for the right syntax to use near 'updete $xueqi set isxiu = 1 where sid = $sid' at line 1
 [ SQL语句 ] : updete $xueqi set isxiu = 1 where sid = $sid

[ 2018-06-06T17:56:45+08:00 ] ::1 /gradem/home/teacher/shen?sid=2017330&gid=grade201811
INFO: [ app_init ] --START--
INFO: Run Behavior\BuildLiteBehavior [ RunTime:0.000026s ]
INFO: [ app_init ] --END-- [ RunTime:0.000592s ]
INFO: [ app_begin ] --START--
INFO: Run Behavior\ReadHtmlCacheBehavior [ RunTime:0.000893s ]
INFO: [ app_begin ] --END-- [ RunTime:0.001011s ]
ERR: 1064:You have an error in your SQL syntax; check the manual that corresponds to your MySQL server version for the right syntax to use near 'updete $xueqi set isxiu = 1 where sid = $sid' at line 1
 [ SQL语句 ] : updete $xueqi set isxiu = 1 where sid = $sid
ERR: 1064:You have an error in your SQL syntax; check the manual that corresponds to your MySQL server version for the right syntax to use near 'updete $xueqi set isxiu = 1 where sid = $sid' at line 1
 [ SQL语句 ] : updete $xueqi set isxiu = 1 where sid = $sid

[ 2018-06-06T17:57:20+08:00 ] ::1 /gradem/home/teacher/shen?sid=2017332&gid=grade201611
INFO: [ app_init ] --START--
INFO: Run Behavior\BuildLiteBehavior [ RunTime:0.000023s ]
INFO: [ app_init ] --END-- [ RunTime:0.000449s ]
INFO: [ app_begin ] --START--
INFO: Run Behavior\ReadHtmlCacheBehavior [ RunTime:0.000620s ]
INFO: [ app_begin ] --END-- [ RunTime:0.000719s ]
ERR: 1064:You have an error in your SQL syntax; check the manual that corresponds to your MySQL server version for the right syntax to use near 'updete  set isxiu = 1 where sid = 2017332' at line 1
 [ SQL语句 ] : updete  set isxiu = 1 where sid = 2017332
ERR: 1064:You have an error in your SQL syntax; check the manual that corresponds to your MySQL server version for the right syntax to use near 'updete  set isxiu = 1 where sid = 2017332' at line 1
 [ SQL语句 ] : updete  set isxiu = 1 where sid = 2017332

[ 2018-06-06T18:01:30+08:00 ] ::1 /gradem/home/teacher/shen?sid=2017332&gid=grade201611
INFO: [ app_init ] --START--
INFO: Run Behavior\BuildLiteBehavior [ RunTime:0.000037s ]
INFO: [ app_init ] --END-- [ RunTime:0.000687s ]
INFO: [ app_begin ] --START--
INFO: Run Behavior\ReadHtmlCacheBehavior [ RunTime:0.001119s ]
INFO: [ app_begin ] --END-- [ RunTime:0.001303s ]
ERR: 1064:You have an error in your SQL syntax; check the manual that corresponds to your MySQL server version for the right syntax to use near 'updete $xueqi set isxiu = "1" where sid = "$sid"' at line 1
 [ SQL语句 ] : updete $xueqi set isxiu = "1" where sid = "$sid"
ERR: 1064:You have an error in your SQL syntax; check the manual that corresponds to your MySQL server version for the right syntax to use near 'updete $xueqi set isxiu = "1" where sid = "$sid"' at line 1
 [ SQL语句 ] : updete $xueqi set isxiu = "1" where sid = "$sid"

[ 2018-06-06T18:02:16+08:00 ] ::1 /gradem/home/teacher/shen?sid=2017332&gid=grade201611
INFO: [ app_init ] --START--
INFO: Run Behavior\BuildLiteBehavior [ RunTime:0.000025s ]
INFO: [ app_init ] --END-- [ RunTime:0.000591s ]
INFO: [ app_begin ] --START--
INFO: Run Behavior\ReadHtmlCacheBehavior [ RunTime:0.000825s ]
INFO: [ app_begin ] --END-- [ RunTime:0.000945s ]
ERR: 1064:You have an error in your SQL syntax; check the manual that corresponds to your MySQL server version for the right syntax to use near 'updete  set isxiu = '1' where sid =2017332' at line 1
 [ SQL语句 ] : updete  set isxiu = '1' where sid =2017332
ERR: 1064:You have an error in your SQL syntax; check the manual that corresponds to your MySQL server version for the right syntax to use near 'updete  set isxiu = '1' where sid =2017332' at line 1
 [ SQL语句 ] : updete  set isxiu = '1' where sid =2017332

[ 2018-06-06T18:02:57+08:00 ] ::1 /gradem/home/teacher/shen?sid=2017330&gid=grade201611
INFO: [ app_init ] --START--
INFO: Run Behavior\BuildLiteBehavior [ RunTime:0.000021s ]
INFO: [ app_init ] --END-- [ RunTime:0.000503s ]
INFO: [ app_begin ] --START--
INFO: Run Behavior\ReadHtmlCacheBehavior [ RunTime:0.000675s ]
INFO: [ app_begin ] --END-- [ RunTime:0.000771s ]
ERR: 1064:You have an error in your SQL syntax; check the manual that corresponds to your MySQL server version for the right syntax to use near 'updete grade201611 set isxiu = '1' where sid =2017330' at line 1
 [ SQL语句 ] : updete grade201611 set isxiu = '1' where sid =2017330
ERR: 1064:You have an error in your SQL syntax; check the manual that corresponds to your MySQL server version for the right syntax to use near 'updete grade201611 set isxiu = '1' where sid =2017330' at line 1
 [ SQL语句 ] : updete grade201611 set isxiu = '1' where sid =2017330

[ 2018-06-06T18:03:14+08:00 ] ::1 /gradem/home/teacher/shen?sid=2017330&gid=grade201811
INFO: [ app_init ] --START--
INFO: Run Behavior\BuildLiteBehavior [ RunTime:0.000023s ]
INFO: [ app_init ] --END-- [ RunTime:0.000518s ]
INFO: [ app_begin ] --START--
INFO: Run Behavior\ReadHtmlCacheBehavior [ RunTime:0.000718s ]
INFO: [ app_begin ] --END-- [ RunTime:0.000823s ]
ERR: 1064:You have an error in your SQL syntax; check the manual that corresponds to your MySQL server version for the right syntax to use near 'updete grade201811 set isxiu = '1' where sid =2017330' at line 1
 [ SQL语句 ] : updete grade201811 set isxiu = '1' where sid =2017330
ERR: 1064:You have an error in your SQL syntax; check the manual that corresponds to your MySQL server version for the right syntax to use near 'updete grade201811 set isxiu = '1' where sid =2017330' at line 1
 [ SQL语句 ] : updete grade201811 set isxiu = '1' where sid =2017330

[ 2018-06-06T18:04:23+08:00 ] ::1 /gradem/home/teacher/shen?sid=2017330&gid=grade201811
INFO: [ app_init ] --START--
INFO: Run Behavior\BuildLiteBehavior [ RunTime:0.000026s ]
INFO: [ app_init ] --END-- [ RunTime:0.000555s ]
INFO: [ app_begin ] --START--
INFO: Run Behavior\ReadHtmlCacheBehavior [ RunTime:0.000661s ]
INFO: [ app_begin ] --END-- [ RunTime:0.000766s ]
ERR: 1064:You have an error in your SQL syntax; check the manual that corresponds to your MySQL server version for the right syntax to use near 'updete grade201811 set isxiu = 1 where sid =2017330' at line 1
 [ SQL语句 ] : updete grade201811 set isxiu = 1 where sid =2017330
ERR: 1064:You have an error in your SQL syntax; check the manual that corresponds to your MySQL server version for the right syntax to use near 'updete grade201811 set isxiu = 1 where sid =2017330' at line 1
 [ SQL语句 ] : updete grade201811 set isxiu = 1 where sid =2017330

[ 2018-06-06T18:04:29+08:00 ] ::1 /gradem/home/teacher/shen?sid=2017330&gid=grade201811
INFO: [ app_init ] --START--
INFO: Run Behavior\BuildLiteBehavior [ RunTime:0.000045s ]
INFO: [ app_init ] --END-- [ RunTime:0.000567s ]
INFO: [ app_begin ] --START--
INFO: Run Behavior\ReadHtmlCacheBehavior [ RunTime:0.000730s ]
INFO: [ app_begin ] --END-- [ RunTime:0.000838s ]
ERR: 1064:You have an error in your SQL syntax; check the manual that corresponds to your MySQL server version for the right syntax to use near 'updete grade201811 set isxiu = 1 where sid =2017330' at line 1
 [ SQL语句 ] : updete grade201811 set isxiu = 1 where sid =2017330
ERR: 1064:You have an error in your SQL syntax; check the manual that corresponds to your MySQL server version for the right syntax to use near 'updete grade201811 set isxiu = 1 where sid =2017330' at line 1
 [ SQL语句 ] : updete grade201811 set isxiu = 1 where sid =2017330

[ 2018-06-06T18:05:22+08:00 ] ::1 /gradem/home/teacher/add?biao=grade201811
INFO: [ app_init ] --START--
INFO: Run Behavior\BuildLiteBehavior [ RunTime:0.000039s ]
INFO: [ app_init ] --END-- [ RunTime:0.000701s ]
INFO: [ app_begin ] --START--
INFO: Run Behavior\ReadHtmlCacheBehavior [ RunTime:0.000745s ]
INFO: [ app_begin ] --END-- [ RunTime:0.000865s ]
SQL: insert into grade201811 (sid) values(2017330) [ RunTime:0.1058s ]
SQL: insert into grade201811 (sid) values(2017332) [ RunTime:0.0432s ]
SQL: insert into grade201811 (sid) values(2017334) [ RunTime:0.0882s ]
SQL: insert into grade201811 (sid) values(2017335) [ RunTime:0.0883s ]
INFO: [ view_parse ] --START--
INFO: [ template_filter ] --START--
INFO: Run Behavior\ContentReplaceBehavior [ RunTime:0.000229s ]
INFO: [ template_filter ] --END-- [ RunTime:0.000641s ]
INFO: Run Behavior\ParseTemplateBehavior [ RunTime:0.023922s ]
INFO: [ view_parse ] --END-- [ RunTime:0.024352s ]
INFO: [ view_filter ] --START--
INFO: Run Behavior\WriteHtmlCacheBehavior [ RunTime:0.002053s ]
INFO: [ view_filter ] --END-- [ RunTime:0.002419s ]
INFO: [ app_end ] --START--
INFO: Run Behavior\ShowPageTraceBehavior [ RunTime:0.002627s ]
INFO: [ app_end ] --END-- [ RunTime:0.003002s ]

[ 2018-06-06T18:05:23+08:00 ] ::1 /gradem/home/teacher/index
INFO: [ app_init ] --START--
INFO: Run Behavior\BuildLiteBehavior [ RunTime:0.000042s ]
INFO: [ app_init ] --END-- [ RunTime:0.000923s ]
INFO: [ app_begin ] --START--
INFO: Run Behavior\ReadHtmlCacheBehavior [ RunTime:0.001217s ]
INFO: [ app_begin ] --END-- [ RunTime:0.001415s ]
SQL: show tables [ RunTime:0.0007s ]
SQL: SHOW COLUMNS FROM grade201611 [ RunTime:0.0045s ]
SQL: SELECT *FROM grade201611 [ RunTime:0.0003s ]
SQL: SELECT *FROM stu [ RunTime:0.0002s ]
SQL: SELECT count(*) FROM stu [ RunTime:0.0002s ]
SQL: SHOW COLUMNS FROM grade201711 [ RunTime:0.0052s ]
SQL: SELECT *FROM grade201711 [ RunTime:0.0003s ]
SQL: SELECT *FROM stu [ RunTime:0.0002s ]
SQL: SELECT count(*) FROM stu [ RunTime:0.0002s ]
SQL: SHOW COLUMNS FROM grade201811 [ RunTime:0.0049s ]
SQL: SELECT *FROM grade201811 [ RunTime:0.0003s ]
SQL: SELECT *FROM stu [ RunTime:0.0002s ]
SQL: SELECT count(*) FROM stu [ RunTime:0.0002s ]
SQL: SHOW COLUMNS FROM grade201911 [ RunTime:0.0061s ]
SQL: SELECT *FROM grade201911 [ RunTime:0.0003s ]
SQL: SELECT *FROM stu [ RunTime:0.0002s ]
SQL: SELECT count(*) FROM stu [ RunTime:0.0003s ]
INFO: [ view_parse ] --START--
INFO: [ template_filter ] --START--
INFO: Run Behavior\ContentReplaceBehavior [ RunTime:0.000108s ]
INFO: [ template_filter ] --END-- [ RunTime:0.000281s ]
NOTIC: [8] Undefined index: y D:\wamp\www\gradem\Application\Runtime\Cache\Home\2f776ce711082c7ddb105e1aedca79e2.php 第 32 行.
NOTIC: [2] Invalid argument supplied for foreach() D:\wamp\www\gradem\Application\Runtime\Cache\Home\2f776ce711082c7ddb105e1aedca79e2.php 第 32 行.
NOTIC: [8] Undefined variable: sign3 D:\wamp\www\gradem\Application\Runtime\Cache\Home\2f776ce711082c7ddb105e1aedca79e2.php 第 33 行.
INFO: Run Behavior\ParseTemplateBehavior [ RunTime:0.015185s ]
INFO: [ view_parse ] --END-- [ RunTime:0.015285s ]
INFO: [ view_filter ] --START--
INFO: Run Behavior\WriteHtmlCacheBehavior [ RunTime:0.000820s ]
INFO: [ view_filter ] --END-- [ RunTime:0.000963s ]
INFO: [ app_end ] --START--
INFO: Run Behavior\ShowPageTraceBehavior [ RunTime:0.001102s ]
INFO: [ app_end ] --END-- [ RunTime:0.001300s ]

[ 2018-06-06T18:05:27+08:00 ] ::1 /gradem/home/teacher/shen?sid=2017330&gid=grade201811
INFO: [ app_init ] --START--
INFO: Run Behavior\BuildLiteBehavior [ RunTime:0.000026s ]
INFO: [ app_init ] --END-- [ RunTime:0.000498s ]
INFO: [ app_begin ] --START--
INFO: Run Behavior\ReadHtmlCacheBehavior [ RunTime:0.000666s ]
INFO: [ app_begin ] --END-- [ RunTime:0.000775s ]
ERR: 1064:You have an error in your SQL syntax; check the manual that corresponds to your MySQL server version for the right syntax to use near 'updete grade201811 set isxiu = 1 where sid =2017330' at line 1
 [ SQL语句 ] : updete grade201811 set isxiu = 1 where sid =2017330
ERR: 1064:You have an error in your SQL syntax; check the manual that corresponds to your MySQL server version for the right syntax to use near 'updete grade201811 set isxiu = 1 where sid =2017330' at line 1
 [ SQL语句 ] : updete grade201811 set isxiu = 1 where sid =2017330

[ 2018-06-06T18:05:38+08:00 ] ::1 /gradem/home/teacher/shen?sid=2017330&gid=grade201811
INFO: [ app_init ] --START--
INFO: Run Behavior\BuildLiteBehavior [ RunTime:0.000025s ]
INFO: [ app_init ] --END-- [ RunTime:0.000501s ]
INFO: [ app_begin ] --START--
INFO: Run Behavior\ReadHtmlCacheBehavior [ RunTime:0.000768s ]
INFO: [ app_begin ] --END-- [ RunTime:0.000900s ]
ERR: 1064:You have an error in your SQL syntax; check the manual that corresponds to your MySQL server version for the right syntax to use near 'updete grade201811 set isxiu = 1 where sid =2017330' at line 1
 [ SQL语句 ] : updete grade201811 set isxiu = 1 where sid =2017330
ERR: 1064:You have an error in your SQL syntax; check the manual that corresponds to your MySQL server version for the right syntax to use near 'updete grade201811 set isxiu = 1 where sid =2017330' at line 1
 [ SQL语句 ] : updete grade201811 set isxiu = 1 where sid =2017330

